<?xml version="1.0" encoding="UTF-8"?>
<robot generator="Robot 7.0.1 (Python 3.12.5 on win32)" generated="2025-03-03T20:54:56.233746" rpa="true" schemaversion="5">
<suite id="s1" name="Rpa Projekti" source="c:\VSCode\rpa-projekti\rpa_projekti.robot">
<test id="s1-t1" name="Empty the CSV directory from previous files" line="282">
<kw name="Count Files In Directory" owner="OperatingSystem">
<msg time="2025-03-03T20:54:56.497991" level="INFO" html="true">Listing contents of directory '&lt;a href="file://C:\temp\rpa-projekti\CSVs"&gt;C:\temp\rpa-projekti\CSVs&lt;/a&gt;'.</msg>
<msg time="2025-03-03T20:54:56.498988" level="INFO">2 files.</msg>
<msg time="2025-03-03T20:54:56.498988" level="INFO">${filecount} = 2</msg>
<var>${filecount}</var>
<arg>${TARGETPATH}</arg>
<doc>Wrapper for `Count Items In Directory` returning only file count.</doc>
<status status="PASS" start="2025-03-03T20:54:56.496991" elapsed="0.003056"/>
</kw>
<kw name="Remove Files" owner="OperatingSystem">
<msg time="2025-03-03T20:54:56.500047" level="INFO" html="true">Removed file '&lt;a href="file://C:\temp\rpa-projekti\CSVs\InvoiceHeaderData.csv"&gt;C:\temp\rpa-projekti\CSVs\InvoiceHeaderData.csv&lt;/a&gt;'.</msg>
<msg time="2025-03-03T20:54:56.501556" level="INFO" html="true">Removed file '&lt;a href="file://C:\temp\rpa-projekti\CSVs\InvoiceRowData.csv"&gt;C:\temp\rpa-projekti\CSVs\InvoiceRowData.csv&lt;/a&gt;'.</msg>
<arg>${TARGETPATH}/*.csv</arg>
<doc>Uses `Remove File` to remove multiple files one-by-one.</doc>
<status status="PASS" start="2025-03-03T20:54:56.500047" elapsed="0.001509"/>
</kw>
<kw name="Log To Console" owner="BuiltIn">
<arg>Removed ${filecount} files</arg>
<doc>Logs the given message to the console.</doc>
<status status="PASS" start="2025-03-03T20:54:56.501556" elapsed="0.001008"/>
</kw>
<status status="PASS" start="2025-03-03T20:54:56.495983" elapsed="0.007088"/>
</test>
<test id="s1-t2" name="Copy the created CSVs from the UiPath folder to the target path" line="289">
<kw name="Copy Files" owner="OperatingSystem">
<msg time="2025-03-03T20:54:56.507700" level="INFO" html="true">Copied file from '&lt;a href="file://C:\temp\rpa-projekti\InvoiceHeaderData.csv"&gt;C:\temp\rpa-projekti\InvoiceHeaderData.csv&lt;/a&gt;' to '&lt;a href="file://C:\temp\rpa-projekti\CSVs\InvoiceHeaderData.csv"&gt;C:\temp\rpa-projekti\CSVs\InvoiceHeaderData.csv&lt;/a&gt;'.</msg>
<msg time="2025-03-03T20:54:56.509759" level="INFO" html="true">Copied file from '&lt;a href="file://C:\temp\rpa-projekti\InvoiceRowData.csv"&gt;C:\temp\rpa-projekti\InvoiceRowData.csv&lt;/a&gt;' to '&lt;a href="file://C:\temp\rpa-projekti\CSVs\InvoiceRowData.csv"&gt;C:\temp\rpa-projekti\CSVs\InvoiceRowData.csv&lt;/a&gt;'.</msg>
<arg>${ORIGINPATH}/*.csv</arg>
<arg>${TARGETPATH}</arg>
<doc>Copies specified files to the target directory.</doc>
<status status="PASS" start="2025-03-03T20:54:56.504080" elapsed="0.006680"/>
</kw>
<kw name="Count Files In Directory" owner="OperatingSystem">
<msg time="2025-03-03T20:54:56.510760" level="INFO" html="true">Listing contents of directory '&lt;a href="file://C:\temp\rpa-projekti\CSVs"&gt;C:\temp\rpa-projekti\CSVs&lt;/a&gt;'.</msg>
<msg time="2025-03-03T20:54:56.511766" level="INFO">2 files.</msg>
<msg time="2025-03-03T20:54:56.511766" level="INFO">${filecount} = 2</msg>
<var>${filecount}</var>
<arg>${TARGETPATH}</arg>
<doc>Wrapper for `Count Items In Directory` returning only file count.</doc>
<status status="PASS" start="2025-03-03T20:54:56.510760" elapsed="0.001006"/>
</kw>
<kw name="Log To Console" owner="BuiltIn">
<arg>Copied ${filecount} files</arg>
<doc>Logs the given message to the console.</doc>
<status status="PASS" start="2025-03-03T20:54:56.512767" elapsed="0.000000"/>
</kw>
<status status="PASS" start="2025-03-03T20:54:56.503071" elapsed="0.009696"/>
</test>
<test id="s1-t3" name="Create Dictionaries from Headers" line="296">
<kw name="Read Csv As List" owner="CSVLib">
<msg time="2025-03-03T20:54:56.515792" level="INFO">${csvHeaders} = [['ï»¿InvoiceNumber', 'CompanyName', 'ReferenceNumber', 'InvoiceDate', 'DueDate', 'CompanyCode', 'BankAccountNumber', 'AmountExclVAT', 'VATAmount', 'TotalAmount', 'invoiceStatus'], ['143143', 'Service...</msg>
<var>${csvHeaders}</var>
<arg>${TARGETPATH}/InvoiceHeaderData.csv</arg>
<arg>delimiter=;</arg>
<status status="PASS" start="2025-03-03T20:54:56.513766" elapsed="0.003033"/>
</kw>
<kw name="Get From List" owner="Collections">
<msg time="2025-03-03T20:54:56.516799" level="INFO">${headers} = ['ï»¿InvoiceNumber', 'CompanyName', 'ReferenceNumber', 'InvoiceDate', 'DueDate', 'CompanyCode', 'BankAccountNumber', 'AmountExclVAT', 'VATAmount', 'TotalAmount', 'invoiceStatus']</msg>
<var>${headers}</var>
<arg>${csvHeaders}</arg>
<arg>0</arg>
<doc>Returns the value specified with an ``index`` from ``list``.</doc>
<status status="PASS" start="2025-03-03T20:54:56.516799" elapsed="0.000000"/>
</kw>
<kw name="Create List" owner="BuiltIn">
<msg time="2025-03-03T20:54:56.517804" level="INFO">${headersValueColumns} = ['CompanyName', 'ReferenceNumber', 'InvoiceDate', 'DueDate', 'CompanyCode', 'BankAccountNumber', 'AmountExclVAT', 'VATAmount', 'TotalAmount', 'invoiceStatus']</msg>
<var>${headersValueColumns}</var>
<arg>@{headers}[1:]</arg>
<doc>Returns a list containing given items.</doc>
<status status="PASS" start="2025-03-03T20:54:56.517804" elapsed="0.000000"/>
</kw>
<kw name="Read Csv As Dictionary" owner="CSVLib">
<msg time="2025-03-03T20:54:56.518805" level="INFO">${outputHeaderDict} = {'143143': ['Service Provider Oy', '1431432', '15.12.2022', '07.04.2021', '1234567-8', 'FI12 3456 7890 1234 56', '1350', '324', '1674', '-1'], '1543235': ['Component Oy', '15432359', '01.10.2022', '15...</msg>
<var>${outputHeaderDict}</var>
<arg>${TARGETPATH}/InvoiceHeaderData.csv</arg>
<arg>${headers}[0]</arg>
<arg>${headersValueColumns}</arg>
<arg>delimiter=;</arg>
<status status="PASS" start="2025-03-03T20:54:56.518805" elapsed="0.000000"/>
</kw>
<kw name="Log" owner="BuiltIn">
<msg time="2025-03-03T20:54:56.519806" level="INFO">'Keys: ' + dict_keys(['143143', '1543235', '153143'])</msg>
<arg>'Keys: ' + ${outputHeaderDict.keys()}</arg>
<doc>Logs the given message with the given level.</doc>
<status status="PASS" start="2025-03-03T20:54:56.519806" elapsed="0.001000"/>
</kw>
<kw name="Set Suite Variable" owner="BuiltIn">
<msg time="2025-03-03T20:54:56.520806" level="INFO">${outputHeaderDict} = {'143143': ['Service Provider Oy', '1431432', '15.12.2022', '07.04.2021', '1234567-8', 'FI12 3456 7890 1234 56', '1350', '324', '1674', '-1'], '1543235': ['Component Oy', '15432359', '01.10.2022', '15...</msg>
<arg>${outputHeaderDict}</arg>
<doc>Makes a variable available everywhere within the scope of the current suite.</doc>
<status status="PASS" start="2025-03-03T20:54:56.520806" elapsed="0.000000"/>
</kw>
<status status="PASS" start="2025-03-03T20:54:56.513766" elapsed="0.008045"/>
</test>
<test id="s1-t4" name="Create Dictionaries from outputRows" line="307">
<kw name="Read Csv As List" owner="CSVLib">
<msg time="2025-03-03T20:54:56.524813" level="INFO">${csvRows} = [['ï»¿Description', 'Quantity', 'Unit', 'UnitPrice', 'VATPercentage', 'VAT', 'TotaAmount', 'InvoiceNumber', 'RowNumber'], ['Installation Services', '5', 'h', '60', '24', '72', '372', '143143', '1'], [...</msg>
<var>${csvRows}</var>
<arg>${TARGETPATH}/InvoiceRowData.csv</arg>
<arg>delimiter=;</arg>
<status status="PASS" start="2025-03-03T20:54:56.522814" elapsed="0.001999"/>
</kw>
<kw name="Get From List" owner="Collections">
<msg time="2025-03-03T20:54:56.524813" level="INFO">${rows} = ['ï»¿Description', 'Quantity', 'Unit', 'UnitPrice', 'VATPercentage', 'VAT', 'TotaAmount', 'InvoiceNumber', 'RowNumber']</msg>
<var>${rows}</var>
<arg>${csvRows}</arg>
<arg>0</arg>
<doc>Returns the value specified with an ``index`` from ``list``.</doc>
<status status="PASS" start="2025-03-03T20:54:56.524813" elapsed="0.000000"/>
</kw>
<kw name="Create List" owner="BuiltIn">
<msg time="2025-03-03T20:54:56.525930" level="INFO">${rowsValueColumns} = ['Quantity', 'Unit', 'UnitPrice', 'VATPercentage', 'VAT', 'TotaAmount', 'InvoiceNumber', 'RowNumber']</msg>
<var>${rowsValueColumns}</var>
<arg>@{rows}[1:]</arg>
<doc>Returns a list containing given items.</doc>
<status status="PASS" start="2025-03-03T20:54:56.525930" elapsed="0.000000"/>
</kw>
<kw name="Read Csv As Dictionary" owner="CSVLib">
<msg time="2025-03-03T20:54:56.527756" level="INFO">${outputRowDict} = {'Installation Services': ['5', 'h', '60', '24', '72', '372', '153143', '1'], 'Replacement Products': ['10', 'kpl', '105', '24', '252', '1302', '153143', '2'], 'Keyboard Logitech': ['10', 'kpl', '40',...</msg>
<var>${outputRowDict}</var>
<arg>${TARGETPATH}/InvoiceRowData.csv</arg>
<arg>${rows}[0]</arg>
<arg>${rowsValueColumns}</arg>
<arg>delimiter=;</arg>
<status status="PASS" start="2025-03-03T20:54:56.526700" elapsed="0.001056"/>
</kw>
<kw name="Log To Console" owner="BuiltIn">
<arg>'Keys: ' + ${outputRowDict.keys()}</arg>
<doc>Logs the given message to the console.</doc>
<status status="PASS" start="2025-03-03T20:54:56.527756" elapsed="0.000000"/>
</kw>
<status status="PASS" start="2025-03-03T20:54:56.521811" elapsed="0.007169"/>
</test>
<test id="s1-t5" name="Viitenumeron validointi task" line="316">
<for flavor="IN">
<iter>
<kw name="Get From Dictionary" owner="Collections">
<msg time="2025-03-03T20:54:56.530153" level="INFO">${rowData} = ['Service Provider Oy', '1431432', '15.12.2022', '07.04.2021', '1234567-8', 'FI12 3456 7890 1234 56', '1350', '324', '1674', '-1']</msg>
<var>${rowData}</var>
<arg>${outputHeaderDict}</arg>
<arg>${key}</arg>
<doc>Returns a value from the given ``dictionary`` based on the given ``key``.</doc>
<status status="PASS" start="2025-03-03T20:54:56.530153" elapsed="0.000000"/>
</kw>
<kw name="Get From List" owner="Collections">
<msg time="2025-03-03T20:54:56.531662" level="INFO">${referenceNumber} = 1431432</msg>
<var>${referenceNumber}</var>
<arg>${rowData}</arg>
<arg>1</arg>
<doc>Returns the value specified with an ``index`` from ``list``.</doc>
<status status="PASS" start="2025-03-03T20:54:56.530153" elapsed="0.001509"/>
</kw>
<kw name="Viitenumeron validointi">
<kw name="Split String To Characters" owner="String">
<msg time="2025-03-03T20:54:56.532671" level="INFO">${tarkistus} = ['1', '4', '3', '1', '4', '3', '2']</msg>
<var>${tarkistus}</var>
<arg>${referenceNumber}</arg>
<doc>Splits the given ``string`` to characters.</doc>
<status status="PASS" start="2025-03-03T20:54:56.532671" elapsed="0.000000"/>
</kw>
<kw name="Set Variable" owner="BuiltIn">
<msg time="2025-03-03T20:54:56.532671" level="INFO">${listanViimeinen} = 7</msg>
<var>${listanViimeinen}</var>
<arg>${tarkistus.__len__()}</arg>
<doc>Returns the given values which can then be assigned to a variables.</doc>
<status status="PASS" start="2025-03-03T20:54:56.532671" elapsed="0.000000"/>
</kw>
<kw name="Evaluate" owner="BuiltIn">
<msg time="2025-03-03T20:54:56.533673" level="INFO">${listanViimeinen} = 6</msg>
<var>${listanViimeinen}</var>
<arg>${listanViimeinen} - 1</arg>
<doc>Evaluates the given expression in Python and returns the result.</doc>
<status status="PASS" start="2025-03-03T20:54:56.533673" elapsed="0.000000"/>
</kw>
<kw name="Get From List" owner="Collections">
<msg time="2025-03-03T20:54:56.533673" level="INFO">${viitenumeroVika} = 2</msg>
<var>${viitenumeroVika}</var>
<arg>${tarkistus}</arg>
<arg>${listanViimeinen}</arg>
<doc>Returns the value specified with an ``index`` from ``list``.</doc>
<status status="PASS" start="2025-03-03T20:54:56.533673" elapsed="0.000000"/>
</kw>
<kw name="Remove From List" owner="Collections">
<arg>${tarkistus}</arg>
<arg>-1</arg>
<doc>Removes and returns the value specified with an ``index`` from ``list``.</doc>
<status status="PASS" start="2025-03-03T20:54:56.533673" elapsed="0.000000"/>
</kw>
<kw name="Log" owner="BuiltIn">
<msg time="2025-03-03T20:54:56.535181" level="INFO">"Listalta poistettu: " + ['1', '4', '3', '1', '4', '3']</msg>
<arg>"Listalta poistettu: " + ${tarkistus}</arg>
<doc>Logs the given message with the given level.</doc>
<status status="PASS" start="2025-03-03T20:54:56.533673" elapsed="0.001508"/>
</kw>
<kw name="Reverse List" owner="Collections">
<arg>${tarkistus}</arg>
<doc>Reverses the given list in place.</doc>
<status status="PASS" start="2025-03-03T20:54:56.535181" elapsed="0.000580"/>
</kw>
<kw name="Set Variable" owner="BuiltIn">
<msg time="2025-03-03T20:54:56.535761" level="INFO">${i} = 1</msg>
<var>${i}</var>
<arg>1</arg>
<doc>Returns the given values which can then be assigned to a variables.</doc>
<status status="PASS" start="2025-03-03T20:54:56.535761" elapsed="0.000000"/>
</kw>
<for flavor="IN RANGE">
<iter>
<kw name="Get From List" owner="Collections">
<msg time="2025-03-03T20:54:56.536830" level="INFO">${element} = 3</msg>
<var>${element}</var>
<arg>${tarkistus}</arg>
<arg>${index}</arg>
<doc>Returns the value specified with an ``index`` from ``list``.</doc>
<status status="PASS" start="2025-03-03T20:54:56.536830" elapsed="0.000000"/>
</kw>
<if>
<branch type="IF" condition="${i} == 4">
<kw name="Set Variable" owner="BuiltIn">
<var>${i}</var>
<arg>1</arg>
<doc>Returns the given values which can then be assigned to a variables.</doc>
<status status="NOT RUN" start="2025-03-03T20:54:56.536830" elapsed="0.000999"/>
</kw>
<status status="NOT RUN" start="2025-03-03T20:54:56.536830" elapsed="0.000999"/>
</branch>
<status status="PASS" start="2025-03-03T20:54:56.536830" elapsed="0.000999"/>
</if>
<if>
<branch type="IF" condition="${i} == 1">
<kw name="Evaluate" owner="BuiltIn">
<msg time="2025-03-03T20:54:56.537829" level="INFO">${laskettu} = 21</msg>
<var>${laskettu}</var>
<arg>int(${element}) * ${7}</arg>
<doc>Evaluates the given expression in Python and returns the result.</doc>
<status status="PASS" start="2025-03-03T20:54:56.537829" elapsed="0.000000"/>
</kw>
<kw name="Log" owner="BuiltIn">
<msg time="2025-03-03T20:54:56.537829" level="INFO">21 + " (kerrottu 7:lla)"</msg>
<arg>${laskettu} + " (kerrottu 7:lla)"</arg>
<doc>Logs the given message with the given level.</doc>
<status status="PASS" start="2025-03-03T20:54:56.537829" elapsed="0.000000"/>
</kw>
<status status="PASS" start="2025-03-03T20:54:56.537829" elapsed="0.000000"/>
</branch>
<branch type="ELSE IF" condition="${i} == 2">
<kw name="Evaluate" owner="BuiltIn">
<var>${laskettu}</var>
<arg>int(${element}) * ${3}</arg>
<doc>Evaluates the given expression in Python and returns the result.</doc>
<status status="NOT RUN" start="2025-03-03T20:54:56.537829" elapsed="0.001493"/>
</kw>
<kw name="Log" owner="BuiltIn">
<arg>${laskettu} + " (kerrottu 5:lla)"</arg>
<doc>Logs the given message with the given level.</doc>
<status status="NOT RUN" start="2025-03-03T20:54:56.539322" elapsed="0.000000"/>
</kw>
<status status="NOT RUN" start="2025-03-03T20:54:56.537829" elapsed="0.001493"/>
</branch>
<branch type="ELSE">
<kw name="Evaluate" owner="BuiltIn">
<var>${laskettu}</var>
<arg>int(${element}) * ${1}</arg>
<doc>Evaluates the given expression in Python and returns the result.</doc>
<status status="NOT RUN" start="2025-03-03T20:54:56.539322" elapsed="0.000000"/>
</kw>
<kw name="Log" owner="BuiltIn">
<arg>${laskettu} + " (kerrottu 1:lla)"</arg>
<doc>Logs the given message with the given level.</doc>
<status status="NOT RUN" start="2025-03-03T20:54:56.539322" elapsed="0.000000"/>
</kw>
<status status="NOT RUN" start="2025-03-03T20:54:56.539322" elapsed="0.000000"/>
</branch>
<status status="PASS" start="2025-03-03T20:54:56.537829" elapsed="0.001493"/>
</if>
<kw name="Set List Value" owner="Collections">
<arg>${tarkistus}</arg>
<arg>${index}</arg>
<arg>${laskettu}</arg>
<doc>Sets the value of ``list`` specified by ``index`` to the given ``value``.</doc>
<status status="PASS" start="2025-03-03T20:54:56.539322" elapsed="0.000000"/>
</kw>
<kw name="Evaluate" owner="BuiltIn">
<msg time="2025-03-03T20:54:56.540535" level="INFO">${i} = 2</msg>
<var>${i}</var>
<arg>${i}+1</arg>
<doc>Evaluates the given expression in Python and returns the result.</doc>
<status status="PASS" start="2025-03-03T20:54:56.539322" elapsed="0.001213"/>
</kw>
<var name="${index}">0</var>
<status status="PASS" start="2025-03-03T20:54:56.536830" elapsed="0.003705"/>
</iter>
<iter>
<kw name="Get From List" owner="Collections">
<msg time="2025-03-03T20:54:56.540535" level="INFO">${element} = 4</msg>
<var>${element}</var>
<arg>${tarkistus}</arg>
<arg>${index}</arg>
<doc>Returns the value specified with an ``index`` from ``list``.</doc>
<status status="PASS" start="2025-03-03T20:54:56.540535" elapsed="0.000000"/>
</kw>
<if>
<branch type="IF" condition="${i} == 4">
<kw name="Set Variable" owner="BuiltIn">
<var>${i}</var>
<arg>1</arg>
<doc>Returns the given values which can then be assigned to a variables.</doc>
<status status="NOT RUN" start="2025-03-03T20:54:56.540535" elapsed="0.000000"/>
</kw>
<status status="NOT RUN" start="2025-03-03T20:54:56.540535" elapsed="0.000000"/>
</branch>
<status status="PASS" start="2025-03-03T20:54:56.540535" elapsed="0.001439"/>
</if>
<if>
<branch type="IF" condition="${i} == 1">
<kw name="Evaluate" owner="BuiltIn">
<var>${laskettu}</var>
<arg>int(${element}) * ${7}</arg>
<doc>Evaluates the given expression in Python and returns the result.</doc>
<status status="NOT RUN" start="2025-03-03T20:54:56.541974" elapsed="0.000000"/>
</kw>
<kw name="Log" owner="BuiltIn">
<arg>${laskettu} + " (kerrottu 7:lla)"</arg>
<doc>Logs the given message with the given level.</doc>
<status status="NOT RUN" start="2025-03-03T20:54:56.541974" elapsed="0.000000"/>
</kw>
<status status="NOT RUN" start="2025-03-03T20:54:56.541974" elapsed="0.000000"/>
</branch>
<branch type="ELSE IF" condition="${i} == 2">
<kw name="Evaluate" owner="BuiltIn">
<msg time="2025-03-03T20:54:56.543002" level="INFO">${laskettu} = 12</msg>
<var>${laskettu}</var>
<arg>int(${element}) * ${3}</arg>
<doc>Evaluates the given expression in Python and returns the result.</doc>
<status status="PASS" start="2025-03-03T20:54:56.541974" elapsed="0.001028"/>
</kw>
<kw name="Log" owner="BuiltIn">
<msg time="2025-03-03T20:54:56.543002" level="INFO">12 + " (kerrottu 5:lla)"</msg>
<arg>${laskettu} + " (kerrottu 5:lla)"</arg>
<doc>Logs the given message with the given level.</doc>
<status status="PASS" start="2025-03-03T20:54:56.543002" elapsed="0.000000"/>
</kw>
<status status="PASS" start="2025-03-03T20:54:56.541974" elapsed="0.001028"/>
</branch>
<branch type="ELSE">
<kw name="Evaluate" owner="BuiltIn">
<var>${laskettu}</var>
<arg>int(${element}) * ${1}</arg>
<doc>Evaluates the given expression in Python and returns the result.</doc>
<status status="NOT RUN" start="2025-03-03T20:54:56.543002" elapsed="0.000000"/>
</kw>
<kw name="Log" owner="BuiltIn">
<arg>${laskettu} + " (kerrottu 1:lla)"</arg>
<doc>Logs the given message with the given level.</doc>
<status status="NOT RUN" start="2025-03-03T20:54:56.543002" elapsed="0.000000"/>
</kw>
<status status="NOT RUN" start="2025-03-03T20:54:56.543002" elapsed="0.000000"/>
</branch>
<status status="PASS" start="2025-03-03T20:54:56.541974" elapsed="0.001028"/>
</if>
<kw name="Set List Value" owner="Collections">
<arg>${tarkistus}</arg>
<arg>${index}</arg>
<arg>${laskettu}</arg>
<doc>Sets the value of ``list`` specified by ``index`` to the given ``value``.</doc>
<status status="PASS" start="2025-03-03T20:54:56.543002" elapsed="0.001032"/>
</kw>
<kw name="Evaluate" owner="BuiltIn">
<msg time="2025-03-03T20:54:56.544034" level="INFO">${i} = 3</msg>
<var>${i}</var>
<arg>${i}+1</arg>
<doc>Evaluates the given expression in Python and returns the result.</doc>
<status status="PASS" start="2025-03-03T20:54:56.544034" elapsed="0.000000"/>
</kw>
<var name="${index}">1</var>
<status status="PASS" start="2025-03-03T20:54:56.540535" elapsed="0.003499"/>
</iter>
<iter>
<kw name="Get From List" owner="Collections">
<msg time="2025-03-03T20:54:56.545036" level="INFO">${element} = 1</msg>
<var>${element}</var>
<arg>${tarkistus}</arg>
<arg>${index}</arg>
<doc>Returns the value specified with an ``index`` from ``list``.</doc>
<status status="PASS" start="2025-03-03T20:54:56.545036" elapsed="0.000000"/>
</kw>
<if>
<branch type="IF" condition="${i} == 4">
<kw name="Set Variable" owner="BuiltIn">
<var>${i}</var>
<arg>1</arg>
<doc>Returns the given values which can then be assigned to a variables.</doc>
<status status="NOT RUN" start="2025-03-03T20:54:56.547476" elapsed="0.000000"/>
</kw>
<status status="NOT RUN" start="2025-03-03T20:54:56.545542" elapsed="0.001934"/>
</branch>
<status status="PASS" start="2025-03-03T20:54:56.545036" elapsed="0.002440"/>
</if>
<if>
<branch type="IF" condition="${i} == 1">
<kw name="Evaluate" owner="BuiltIn">
<var>${laskettu}</var>
<arg>int(${element}) * ${7}</arg>
<doc>Evaluates the given expression in Python and returns the result.</doc>
<status status="NOT RUN" start="2025-03-03T20:54:56.547476" elapsed="0.000000"/>
</kw>
<kw name="Log" owner="BuiltIn">
<arg>${laskettu} + " (kerrottu 7:lla)"</arg>
<doc>Logs the given message with the given level.</doc>
<status status="NOT RUN" start="2025-03-03T20:54:56.548552" elapsed="0.000000"/>
</kw>
<status status="NOT RUN" start="2025-03-03T20:54:56.547476" elapsed="0.001076"/>
</branch>
<branch type="ELSE IF" condition="${i} == 2">
<kw name="Evaluate" owner="BuiltIn">
<var>${laskettu}</var>
<arg>int(${element}) * ${3}</arg>
<doc>Evaluates the given expression in Python and returns the result.</doc>
<status status="NOT RUN" start="2025-03-03T20:54:56.548552" elapsed="0.000000"/>
</kw>
<kw name="Log" owner="BuiltIn">
<arg>${laskettu} + " (kerrottu 5:lla)"</arg>
<doc>Logs the given message with the given level.</doc>
<status status="NOT RUN" start="2025-03-03T20:54:56.548552" elapsed="0.000000"/>
</kw>
<status status="NOT RUN" start="2025-03-03T20:54:56.548552" elapsed="0.001051"/>
</branch>
<branch type="ELSE">
<kw name="Evaluate" owner="BuiltIn">
<msg time="2025-03-03T20:54:56.549603" level="INFO">${laskettu} = 1</msg>
<var>${laskettu}</var>
<arg>int(${element}) * ${1}</arg>
<doc>Evaluates the given expression in Python and returns the result.</doc>
<status status="PASS" start="2025-03-03T20:54:56.549603" elapsed="0.000000"/>
</kw>
<kw name="Log" owner="BuiltIn">
<msg time="2025-03-03T20:54:56.551072" level="INFO">1 + " (kerrottu 1:lla)"</msg>
<arg>${laskettu} + " (kerrottu 1:lla)"</arg>
<doc>Logs the given message with the given level.</doc>
<status status="PASS" start="2025-03-03T20:54:56.549603" elapsed="0.001469"/>
</kw>
<status status="PASS" start="2025-03-03T20:54:56.549603" elapsed="0.001469"/>
</branch>
<status status="PASS" start="2025-03-03T20:54:56.547476" elapsed="0.003596"/>
</if>
<kw name="Set List Value" owner="Collections">
<arg>${tarkistus}</arg>
<arg>${index}</arg>
<arg>${laskettu}</arg>
<doc>Sets the value of ``list`` specified by ``index`` to the given ``value``.</doc>
<status status="PASS" start="2025-03-03T20:54:56.551072" elapsed="0.001000"/>
</kw>
<kw name="Evaluate" owner="BuiltIn">
<msg time="2025-03-03T20:54:56.552072" level="INFO">${i} = 4</msg>
<var>${i}</var>
<arg>${i}+1</arg>
<doc>Evaluates the given expression in Python and returns the result.</doc>
<status status="PASS" start="2025-03-03T20:54:56.552072" elapsed="0.000000"/>
</kw>
<var name="${index}">2</var>
<status status="PASS" start="2025-03-03T20:54:56.544034" elapsed="0.008038"/>
</iter>
<iter>
<kw name="Get From List" owner="Collections">
<msg time="2025-03-03T20:54:56.553071" level="INFO">${element} = 3</msg>
<var>${element}</var>
<arg>${tarkistus}</arg>
<arg>${index}</arg>
<doc>Returns the value specified with an ``index`` from ``list``.</doc>
<status status="PASS" start="2025-03-03T20:54:56.553071" elapsed="0.000000"/>
</kw>
<if>
<branch type="IF" condition="${i} == 4">
<kw name="Set Variable" owner="BuiltIn">
<msg time="2025-03-03T20:54:56.553071" level="INFO">${i} = 1</msg>
<var>${i}</var>
<arg>1</arg>
<doc>Returns the given values which can then be assigned to a variables.</doc>
<status status="PASS" start="2025-03-03T20:54:56.553071" elapsed="0.000000"/>
</kw>
<status status="PASS" start="2025-03-03T20:54:56.553071" elapsed="0.000998"/>
</branch>
<status status="PASS" start="2025-03-03T20:54:56.553071" elapsed="0.000998"/>
</if>
<if>
<branch type="IF" condition="${i} == 1">
<kw name="Evaluate" owner="BuiltIn">
<msg time="2025-03-03T20:54:56.554069" level="INFO">${laskettu} = 21</msg>
<var>${laskettu}</var>
<arg>int(${element}) * ${7}</arg>
<doc>Evaluates the given expression in Python and returns the result.</doc>
<status status="PASS" start="2025-03-03T20:54:56.554069" elapsed="0.000000"/>
</kw>
<kw name="Log" owner="BuiltIn">
<msg time="2025-03-03T20:54:56.555070" level="INFO">21 + " (kerrottu 7:lla)"</msg>
<arg>${laskettu} + " (kerrottu 7:lla)"</arg>
<doc>Logs the given message with the given level.</doc>
<status status="PASS" start="2025-03-03T20:54:56.555070" elapsed="0.000000"/>
</kw>
<status status="PASS" start="2025-03-03T20:54:56.554069" elapsed="0.001001"/>
</branch>
<branch type="ELSE IF" condition="${i} == 2">
<kw name="Evaluate" owner="BuiltIn">
<var>${laskettu}</var>
<arg>int(${element}) * ${3}</arg>
<doc>Evaluates the given expression in Python and returns the result.</doc>
<status status="NOT RUN" start="2025-03-03T20:54:56.555573" elapsed="0.000000"/>
</kw>
<kw name="Log" owner="BuiltIn">
<arg>${laskettu} + " (kerrottu 5:lla)"</arg>
<doc>Logs the given message with the given level.</doc>
<status status="NOT RUN" start="2025-03-03T20:54:56.555573" elapsed="0.000000"/>
</kw>
<status status="NOT RUN" start="2025-03-03T20:54:56.555070" elapsed="0.000503"/>
</branch>
<branch type="ELSE">
<kw name="Evaluate" owner="BuiltIn">
<var>${laskettu}</var>
<arg>int(${element}) * ${1}</arg>
<doc>Evaluates the given expression in Python and returns the result.</doc>
<status status="NOT RUN" start="2025-03-03T20:54:56.555573" elapsed="0.000505"/>
</kw>
<kw name="Log" owner="BuiltIn">
<arg>${laskettu} + " (kerrottu 1:lla)"</arg>
<doc>Logs the given message with the given level.</doc>
<status status="NOT RUN" start="2025-03-03T20:54:56.556078" elapsed="0.000000"/>
</kw>
<status status="NOT RUN" start="2025-03-03T20:54:56.555573" elapsed="0.000505"/>
</branch>
<status status="PASS" start="2025-03-03T20:54:56.554069" elapsed="0.002009"/>
</if>
<kw name="Set List Value" owner="Collections">
<arg>${tarkistus}</arg>
<arg>${index}</arg>
<arg>${laskettu}</arg>
<doc>Sets the value of ``list`` specified by ``index`` to the given ``value``.</doc>
<status status="PASS" start="2025-03-03T20:54:56.556078" elapsed="0.000000"/>
</kw>
<kw name="Evaluate" owner="BuiltIn">
<msg time="2025-03-03T20:54:56.556078" level="INFO">${i} = 2</msg>
<var>${i}</var>
<arg>${i}+1</arg>
<doc>Evaluates the given expression in Python and returns the result.</doc>
<status status="PASS" start="2025-03-03T20:54:56.556078" elapsed="0.001006"/>
</kw>
<var name="${index}">3</var>
<status status="PASS" start="2025-03-03T20:54:56.553071" elapsed="0.004013"/>
</iter>
<iter>
<kw name="Get From List" owner="Collections">
<msg time="2025-03-03T20:54:56.557084" level="INFO">${element} = 4</msg>
<var>${element}</var>
<arg>${tarkistus}</arg>
<arg>${index}</arg>
<doc>Returns the value specified with an ``index`` from ``list``.</doc>
<status status="PASS" start="2025-03-03T20:54:56.557084" elapsed="0.000000"/>
</kw>
<if>
<branch type="IF" condition="${i} == 4">
<kw name="Set Variable" owner="BuiltIn">
<var>${i}</var>
<arg>1</arg>
<doc>Returns the given values which can then be assigned to a variables.</doc>
<status status="NOT RUN" start="2025-03-03T20:54:56.557084" elapsed="0.001004"/>
</kw>
<status status="NOT RUN" start="2025-03-03T20:54:56.557084" elapsed="0.001004"/>
</branch>
<status status="PASS" start="2025-03-03T20:54:56.557084" elapsed="0.001004"/>
</if>
<if>
<branch type="IF" condition="${i} == 1">
<kw name="Evaluate" owner="BuiltIn">
<var>${laskettu}</var>
<arg>int(${element}) * ${7}</arg>
<doc>Evaluates the given expression in Python and returns the result.</doc>
<status status="NOT RUN" start="2025-03-03T20:54:56.558088" elapsed="0.000000"/>
</kw>
<kw name="Log" owner="BuiltIn">
<arg>${laskettu} + " (kerrottu 7:lla)"</arg>
<doc>Logs the given message with the given level.</doc>
<status status="NOT RUN" start="2025-03-03T20:54:56.558088" elapsed="0.000000"/>
</kw>
<status status="NOT RUN" start="2025-03-03T20:54:56.558088" elapsed="0.000000"/>
</branch>
<branch type="ELSE IF" condition="${i} == 2">
<kw name="Evaluate" owner="BuiltIn">
<msg time="2025-03-03T20:54:56.559088" level="INFO">${laskettu} = 12</msg>
<var>${laskettu}</var>
<arg>int(${element}) * ${3}</arg>
<doc>Evaluates the given expression in Python and returns the result.</doc>
<status status="PASS" start="2025-03-03T20:54:56.558088" elapsed="0.001000"/>
</kw>
<kw name="Log" owner="BuiltIn">
<msg time="2025-03-03T20:54:56.559088" level="INFO">12 + " (kerrottu 5:lla)"</msg>
<arg>${laskettu} + " (kerrottu 5:lla)"</arg>
<doc>Logs the given message with the given level.</doc>
<status status="PASS" start="2025-03-03T20:54:56.559088" elapsed="0.000000"/>
</kw>
<status status="PASS" start="2025-03-03T20:54:56.558088" elapsed="0.001000"/>
</branch>
<branch type="ELSE">
<kw name="Evaluate" owner="BuiltIn">
<var>${laskettu}</var>
<arg>int(${element}) * ${1}</arg>
<doc>Evaluates the given expression in Python and returns the result.</doc>
<status status="NOT RUN" start="2025-03-03T20:54:56.560087" elapsed="0.000000"/>
</kw>
<kw name="Log" owner="BuiltIn">
<arg>${laskettu} + " (kerrottu 1:lla)"</arg>
<doc>Logs the given message with the given level.</doc>
<status status="NOT RUN" start="2025-03-03T20:54:56.560087" elapsed="0.000000"/>
</kw>
<status status="NOT RUN" start="2025-03-03T20:54:56.559088" elapsed="0.000999"/>
</branch>
<status status="PASS" start="2025-03-03T20:54:56.558088" elapsed="0.001999"/>
</if>
<kw name="Set List Value" owner="Collections">
<arg>${tarkistus}</arg>
<arg>${index}</arg>
<arg>${laskettu}</arg>
<doc>Sets the value of ``list`` specified by ``index`` to the given ``value``.</doc>
<status status="PASS" start="2025-03-03T20:54:56.560087" elapsed="0.000000"/>
</kw>
<kw name="Evaluate" owner="BuiltIn">
<msg time="2025-03-03T20:54:56.560087" level="INFO">${i} = 3</msg>
<var>${i}</var>
<arg>${i}+1</arg>
<doc>Evaluates the given expression in Python and returns the result.</doc>
<status status="PASS" start="2025-03-03T20:54:56.560087" elapsed="0.000000"/>
</kw>
<var name="${index}">4</var>
<status status="PASS" start="2025-03-03T20:54:56.557084" elapsed="0.003003"/>
</iter>
<iter>
<kw name="Get From List" owner="Collections">
<msg time="2025-03-03T20:54:56.561591" level="INFO">${element} = 1</msg>
<var>${element}</var>
<arg>${tarkistus}</arg>
<arg>${index}</arg>
<doc>Returns the value specified with an ``index`` from ``list``.</doc>
<status status="PASS" start="2025-03-03T20:54:56.560087" elapsed="0.001504"/>
</kw>
<if>
<branch type="IF" condition="${i} == 4">
<kw name="Set Variable" owner="BuiltIn">
<var>${i}</var>
<arg>1</arg>
<doc>Returns the given values which can then be assigned to a variables.</doc>
<status status="NOT RUN" start="2025-03-03T20:54:56.561591" elapsed="0.000000"/>
</kw>
<status status="NOT RUN" start="2025-03-03T20:54:56.561591" elapsed="0.000000"/>
</branch>
<status status="PASS" start="2025-03-03T20:54:56.561591" elapsed="0.000000"/>
</if>
<if>
<branch type="IF" condition="${i} == 1">
<kw name="Evaluate" owner="BuiltIn">
<var>${laskettu}</var>
<arg>int(${element}) * ${7}</arg>
<doc>Evaluates the given expression in Python and returns the result.</doc>
<status status="NOT RUN" start="2025-03-03T20:54:56.561591" elapsed="0.000000"/>
</kw>
<kw name="Log" owner="BuiltIn">
<arg>${laskettu} + " (kerrottu 7:lla)"</arg>
<doc>Logs the given message with the given level.</doc>
<status status="NOT RUN" start="2025-03-03T20:54:56.561591" elapsed="0.001007"/>
</kw>
<status status="NOT RUN" start="2025-03-03T20:54:56.561591" elapsed="0.001007"/>
</branch>
<branch type="ELSE IF" condition="${i} == 2">
<kw name="Evaluate" owner="BuiltIn">
<var>${laskettu}</var>
<arg>int(${element}) * ${3}</arg>
<doc>Evaluates the given expression in Python and returns the result.</doc>
<status status="NOT RUN" start="2025-03-03T20:54:56.562598" elapsed="0.000000"/>
</kw>
<kw name="Log" owner="BuiltIn">
<arg>${laskettu} + " (kerrottu 5:lla)"</arg>
<doc>Logs the given message with the given level.</doc>
<status status="NOT RUN" start="2025-03-03T20:54:56.562598" elapsed="0.000000"/>
</kw>
<status status="NOT RUN" start="2025-03-03T20:54:56.562598" elapsed="0.000000"/>
</branch>
<branch type="ELSE">
<kw name="Evaluate" owner="BuiltIn">
<msg time="2025-03-03T20:54:56.563598" level="INFO">${laskettu} = 1</msg>
<var>${laskettu}</var>
<arg>int(${element}) * ${1}</arg>
<doc>Evaluates the given expression in Python and returns the result.</doc>
<status status="PASS" start="2025-03-03T20:54:56.562598" elapsed="0.001000"/>
</kw>
<kw name="Log" owner="BuiltIn">
<msg time="2025-03-03T20:54:56.563598" level="INFO">1 + " (kerrottu 1:lla)"</msg>
<arg>${laskettu} + " (kerrottu 1:lla)"</arg>
<doc>Logs the given message with the given level.</doc>
<status status="PASS" start="2025-03-03T20:54:56.563598" elapsed="0.000000"/>
</kw>
<status status="PASS" start="2025-03-03T20:54:56.562598" elapsed="0.001000"/>
</branch>
<status status="PASS" start="2025-03-03T20:54:56.561591" elapsed="0.002007"/>
</if>
<kw name="Set List Value" owner="Collections">
<arg>${tarkistus}</arg>
<arg>${index}</arg>
<arg>${laskettu}</arg>
<doc>Sets the value of ``list`` specified by ``index`` to the given ``value``.</doc>
<status status="PASS" start="2025-03-03T20:54:56.563598" elapsed="0.000000"/>
</kw>
<kw name="Evaluate" owner="BuiltIn">
<msg time="2025-03-03T20:54:56.565105" level="INFO">${i} = 4</msg>
<var>${i}</var>
<arg>${i}+1</arg>
<doc>Evaluates the given expression in Python and returns the result.</doc>
<status status="PASS" start="2025-03-03T20:54:56.563598" elapsed="0.001507"/>
</kw>
<var name="${index}">5</var>
<status status="PASS" start="2025-03-03T20:54:56.560087" elapsed="0.005018"/>
</iter>
<var>${index}</var>
<value>${tarkistus.__len__()}</value>
<status status="PASS" start="2025-03-03T20:54:56.535761" elapsed="0.029344"/>
</for>
<kw name="Set Variable" owner="BuiltIn">
<msg time="2025-03-03T20:54:56.565105" level="INFO">${viitesumma} = 0</msg>
<var>${viitesumma}</var>
<arg>0</arg>
<doc>Returns the given values which can then be assigned to a variables.</doc>
<status status="PASS" start="2025-03-03T20:54:56.565105" elapsed="0.000000"/>
</kw>
<for flavor="IN RANGE">
<iter>
<kw name="Get From List" owner="Collections">
<msg time="2025-03-03T20:54:56.566616" level="INFO">${element} = 21</msg>
<var>${element}</var>
<arg>${tarkistus}</arg>
<arg>${index}</arg>
<doc>Returns the value specified with an ``index`` from ``list``.</doc>
<status status="PASS" start="2025-03-03T20:54:56.566111" elapsed="0.000505"/>
</kw>
<kw name="Evaluate" owner="BuiltIn">
<msg time="2025-03-03T20:54:56.567239" level="INFO">${viitesumma} = 21</msg>
<var>${viitesumma}</var>
<arg>${viitesumma} + int(${element})</arg>
<doc>Evaluates the given expression in Python and returns the result.</doc>
<status status="PASS" start="2025-03-03T20:54:56.567239" elapsed="0.000000"/>
</kw>
<kw name="Log" owner="BuiltIn">
<msg time="2025-03-03T20:54:56.567239" level="INFO">"Viitesumma: " + 21</msg>
<arg>"Viitesumma: " + ${viitesumma}</arg>
<doc>Logs the given message with the given level.</doc>
<status status="PASS" start="2025-03-03T20:54:56.567239" elapsed="0.001008"/>
</kw>
<var name="${index}">0</var>
<status status="PASS" start="2025-03-03T20:54:56.566111" elapsed="0.002136"/>
</iter>
<iter>
<kw name="Get From List" owner="Collections">
<msg time="2025-03-03T20:54:56.568247" level="INFO">${element} = 12</msg>
<var>${element}</var>
<arg>${tarkistus}</arg>
<arg>${index}</arg>
<doc>Returns the value specified with an ``index`` from ``list``.</doc>
<status status="PASS" start="2025-03-03T20:54:56.568247" elapsed="0.000000"/>
</kw>
<kw name="Evaluate" owner="BuiltIn">
<msg time="2025-03-03T20:54:56.569245" level="INFO">${viitesumma} = 33</msg>
<var>${viitesumma}</var>
<arg>${viitesumma} + int(${element})</arg>
<doc>Evaluates the given expression in Python and returns the result.</doc>
<status status="PASS" start="2025-03-03T20:54:56.568247" elapsed="0.000998"/>
</kw>
<kw name="Log" owner="BuiltIn">
<msg time="2025-03-03T20:54:56.569245" level="INFO">"Viitesumma: " + 33</msg>
<arg>"Viitesumma: " + ${viitesumma}</arg>
<doc>Logs the given message with the given level.</doc>
<status status="PASS" start="2025-03-03T20:54:56.569245" elapsed="0.000000"/>
</kw>
<var name="${index}">1</var>
<status status="PASS" start="2025-03-03T20:54:56.568247" elapsed="0.000998"/>
</iter>
<iter>
<kw name="Get From List" owner="Collections">
<msg time="2025-03-03T20:54:56.570245" level="INFO">${element} = 1</msg>
<var>${element}</var>
<arg>${tarkistus}</arg>
<arg>${index}</arg>
<doc>Returns the value specified with an ``index`` from ``list``.</doc>
<status status="PASS" start="2025-03-03T20:54:56.569245" elapsed="0.001000"/>
</kw>
<kw name="Evaluate" owner="BuiltIn">
<msg time="2025-03-03T20:54:56.570245" level="INFO">${viitesumma} = 34</msg>
<var>${viitesumma}</var>
<arg>${viitesumma} + int(${element})</arg>
<doc>Evaluates the given expression in Python and returns the result.</doc>
<status status="PASS" start="2025-03-03T20:54:56.570245" elapsed="0.000000"/>
</kw>
<kw name="Log" owner="BuiltIn">
<msg time="2025-03-03T20:54:56.570245" level="INFO">"Viitesumma: " + 34</msg>
<arg>"Viitesumma: " + ${viitesumma}</arg>
<doc>Logs the given message with the given level.</doc>
<status status="PASS" start="2025-03-03T20:54:56.570245" elapsed="0.000000"/>
</kw>
<var name="${index}">2</var>
<status status="PASS" start="2025-03-03T20:54:56.569245" elapsed="0.001000"/>
</iter>
<iter>
<kw name="Get From List" owner="Collections">
<msg time="2025-03-03T20:54:56.571755" level="INFO">${element} = 21</msg>
<var>${element}</var>
<arg>${tarkistus}</arg>
<arg>${index}</arg>
<doc>Returns the value specified with an ``index`` from ``list``.</doc>
<status status="PASS" start="2025-03-03T20:54:56.570245" elapsed="0.001510"/>
</kw>
<kw name="Evaluate" owner="BuiltIn">
<msg time="2025-03-03T20:54:56.571755" level="INFO">${viitesumma} = 55</msg>
<var>${viitesumma}</var>
<arg>${viitesumma} + int(${element})</arg>
<doc>Evaluates the given expression in Python and returns the result.</doc>
<status status="PASS" start="2025-03-03T20:54:56.571755" elapsed="0.000000"/>
</kw>
<kw name="Log" owner="BuiltIn">
<msg time="2025-03-03T20:54:56.571755" level="INFO">"Viitesumma: " + 55</msg>
<arg>"Viitesumma: " + ${viitesumma}</arg>
<doc>Logs the given message with the given level.</doc>
<status status="PASS" start="2025-03-03T20:54:56.571755" elapsed="0.001010"/>
</kw>
<var name="${index}">3</var>
<status status="PASS" start="2025-03-03T20:54:56.570245" elapsed="0.002520"/>
</iter>
<iter>
<kw name="Get From List" owner="Collections">
<msg time="2025-03-03T20:54:56.572765" level="INFO">${element} = 12</msg>
<var>${element}</var>
<arg>${tarkistus}</arg>
<arg>${index}</arg>
<doc>Returns the value specified with an ``index`` from ``list``.</doc>
<status status="PASS" start="2025-03-03T20:54:56.572765" elapsed="0.000000"/>
</kw>
<kw name="Evaluate" owner="BuiltIn">
<msg time="2025-03-03T20:54:56.572765" level="INFO">${viitesumma} = 67</msg>
<var>${viitesumma}</var>
<arg>${viitesumma} + int(${element})</arg>
<doc>Evaluates the given expression in Python and returns the result.</doc>
<status status="PASS" start="2025-03-03T20:54:56.572765" elapsed="0.000000"/>
</kw>
<kw name="Log" owner="BuiltIn">
<msg time="2025-03-03T20:54:56.573764" level="INFO">"Viitesumma: " + 67</msg>
<arg>"Viitesumma: " + ${viitesumma}</arg>
<doc>Logs the given message with the given level.</doc>
<status status="PASS" start="2025-03-03T20:54:56.573764" elapsed="0.000000"/>
</kw>
<var name="${index}">4</var>
<status status="PASS" start="2025-03-03T20:54:56.572765" elapsed="0.000999"/>
</iter>
<iter>
<kw name="Get From List" owner="Collections">
<msg time="2025-03-03T20:54:56.573764" level="INFO">${element} = 1</msg>
<var>${element}</var>
<arg>${tarkistus}</arg>
<arg>${index}</arg>
<doc>Returns the value specified with an ``index`` from ``list``.</doc>
<status status="PASS" start="2025-03-03T20:54:56.573764" elapsed="0.000000"/>
</kw>
<kw name="Evaluate" owner="BuiltIn">
<msg time="2025-03-03T20:54:56.573764" level="INFO">${viitesumma} = 68</msg>
<var>${viitesumma}</var>
<arg>${viitesumma} + int(${element})</arg>
<doc>Evaluates the given expression in Python and returns the result.</doc>
<status status="PASS" start="2025-03-03T20:54:56.573764" elapsed="0.000000"/>
</kw>
<kw name="Log" owner="BuiltIn">
<msg time="2025-03-03T20:54:56.573764" level="INFO">"Viitesumma: " + 68</msg>
<arg>"Viitesumma: " + ${viitesumma}</arg>
<doc>Logs the given message with the given level.</doc>
<status status="PASS" start="2025-03-03T20:54:56.573764" elapsed="0.001508"/>
</kw>
<var name="${index}">5</var>
<status status="PASS" start="2025-03-03T20:54:56.573764" elapsed="0.001508"/>
</iter>
<var>${index}</var>
<value>${tarkistus.__len__()}</value>
<status status="PASS" start="2025-03-03T20:54:56.565105" elapsed="0.010167"/>
</for>
<kw name="Convert To Number" owner="BuiltIn">
<msg time="2025-03-03T20:54:56.575791" level="INFO">${viitesummaRound} = 70.0</msg>
<var>${viitesummaRound}</var>
<arg>${viitesumma}</arg>
<arg>-1</arg>
<doc>Converts the given item to a floating point number.</doc>
<status status="PASS" start="2025-03-03T20:54:56.575272" elapsed="0.000519"/>
</kw>
<if>
<branch type="IF" condition="${viitesummaRound} &lt; ${viitesumma}">
<kw name="Evaluate" owner="BuiltIn">
<var>${viitesummaRound}</var>
<arg>${viitesummaRound} + 10</arg>
<doc>Evaluates the given expression in Python and returns the result.</doc>
<status status="NOT RUN" start="2025-03-03T20:54:56.575791" elapsed="0.000000"/>
</kw>
<status status="NOT RUN" start="2025-03-03T20:54:56.575791" elapsed="0.000000"/>
</branch>
<status status="PASS" start="2025-03-03T20:54:56.575791" elapsed="0.000000"/>
</if>
<kw name="Log" owner="BuiltIn">
<msg time="2025-03-03T20:54:56.575791" level="INFO">70.0</msg>
<arg>${viitesummaRound}</arg>
<doc>Logs the given message with the given level.</doc>
<status status="PASS" start="2025-03-03T20:54:56.575791" elapsed="0.000000"/>
</kw>
<kw name="Evaluate" owner="BuiltIn">
<msg time="2025-03-03T20:54:56.576799" level="INFO">${tarkistusnumero} = 2.0</msg>
<var>${tarkistusnumero}</var>
<arg>${viitesummaRound} - ${viitesumma}</arg>
<doc>Evaluates the given expression in Python and returns the result.</doc>
<status status="PASS" start="2025-03-03T20:54:56.575791" elapsed="0.001008"/>
</kw>
<if>
<branch type="IF" condition="${tarkistusnumero} == 10">
<kw name="Set Variable" owner="BuiltIn">
<var>${tarkistusnumero}</var>
<arg>0</arg>
<doc>Returns the given values which can then be assigned to a variables.</doc>
<status status="NOT RUN" start="2025-03-03T20:54:56.576799" elapsed="0.000000"/>
</kw>
<status status="NOT RUN" start="2025-03-03T20:54:56.576799" elapsed="0.000000"/>
</branch>
<status status="PASS" start="2025-03-03T20:54:56.576799" elapsed="0.000000"/>
</if>
<kw name="Log" owner="BuiltIn">
<msg time="2025-03-03T20:54:56.577800" level="INFO">"Tarkistenumero: " + 2.0</msg>
<arg>"Tarkistenumero: " + ${tarkistusnumero}</arg>
<doc>Logs the given message with the given level.</doc>
<status status="PASS" start="2025-03-03T20:54:56.576799" elapsed="0.001001"/>
</kw>
<if>
<branch type="IF" condition="${viitenumeroVika} == ${tarkistusnumero}">
<kw name="Log To Console" owner="BuiltIn">
<arg>"Viitenumeron viimeinen: " ${viitenumeroVika}</arg>
<doc>Logs the given message to the console.</doc>
<status status="PASS" start="2025-03-03T20:54:56.577800" elapsed="0.001000"/>
</kw>
<kw name="Log To Console" owner="BuiltIn">
<arg>"Tarkistenumero: " ${tarkistusnumero}</arg>
<doc>Logs the given message to the console.</doc>
<status status="PASS" start="2025-03-03T20:54:56.578800" elapsed="0.000000"/>
</kw>
<kw name="Log To Console" owner="BuiltIn">
<arg>"Kaikki hyvin!"</arg>
<doc>Logs the given message to the console.</doc>
<status status="PASS" start="2025-03-03T20:54:56.579799" elapsed="0.000000"/>
</kw>
<kw name="Set Variable" owner="BuiltIn">
<msg time="2025-03-03T20:54:56.579799" level="INFO">${invoiceStatus} = 0</msg>
<var>${invoiceStatus}</var>
<arg>0</arg>
<doc>Returns the given values which can then be assigned to a variables.</doc>
<status status="PASS" start="2025-03-03T20:54:56.579799" elapsed="0.000000"/>
</kw>
<status status="PASS" start="2025-03-03T20:54:56.577800" elapsed="0.001999"/>
</branch>
<branch type="ELSE">
<kw name="Log To Console" owner="BuiltIn">
<arg>"Viitenumeron viimeinen: " ${viitenumeroVika}</arg>
<doc>Logs the given message to the console.</doc>
<status status="NOT RUN" start="2025-03-03T20:54:56.581305" elapsed="0.000000"/>
</kw>
<kw name="Log To Console" owner="BuiltIn">
<arg>"Tarkistenumero: " ${tarkistusnumero}</arg>
<doc>Logs the given message to the console.</doc>
<status status="NOT RUN" start="2025-03-03T20:54:56.581305" elapsed="0.000000"/>
</kw>
<kw name="Log To Console" owner="BuiltIn">
<arg>"Numeroissa häikkää."</arg>
<doc>Logs the given message to the console.</doc>
<status status="NOT RUN" start="2025-03-03T20:54:56.581305" elapsed="0.000000"/>
</kw>
<kw name="Set Variable" owner="BuiltIn">
<var>${invoiceStatus}</var>
<arg>1</arg>
<doc>Returns the given values which can then be assigned to a variables.</doc>
<status status="NOT RUN" start="2025-03-03T20:54:56.581305" elapsed="0.000000"/>
</kw>
<status status="NOT RUN" start="2025-03-03T20:54:56.579799" elapsed="0.002513"/>
</branch>
<status status="PASS" start="2025-03-03T20:54:56.577800" elapsed="0.004512"/>
</if>
<return>
<value>${invoiceStatus}</value>
<status status="PASS" start="2025-03-03T20:54:56.582312" elapsed="0.000000"/>
</return>
<msg time="2025-03-03T20:54:56.582312" level="INFO">${invoicestatus} = 0</msg>
<var>${invoicestatus}</var>
<arg>${referenceNumber}</arg>
<status status="PASS" start="2025-03-03T20:54:56.531662" elapsed="0.050650"/>
</kw>
<kw name="Set List Value" owner="Collections">
<arg>${rowData}</arg>
<arg>9</arg>
<arg>${invoicestatus}</arg>
<doc>Sets the value of ``list`` specified by ``index`` to the given ``value``.</doc>
<status status="PASS" start="2025-03-03T20:54:56.583313" elapsed="0.000000"/>
</kw>
<kw name="Set To Dictionary" owner="Collections">
<arg>${outputHeaderDict}</arg>
<arg>${key}</arg>
<arg>${rowData}</arg>
<doc>Adds the given ``key_value_pairs`` and/or ``items`` to the ``dictionary``.</doc>
<status status="PASS" start="2025-03-03T20:54:56.583313" elapsed="0.000000"/>
</kw>
<var name="${key}">143143</var>
<status status="PASS" start="2025-03-03T20:54:56.530153" elapsed="0.053160"/>
</iter>
<iter>
<kw name="Get From Dictionary" owner="Collections">
<msg time="2025-03-03T20:54:56.584820" level="INFO">${rowData} = ['Component Oy', '15432359', '01.10.2022', '15.10.2022', '1234567-9', 'FI05 1234 5600 7891 01', '465', '111.6', '576.6', '-1']</msg>
<var>${rowData}</var>
<arg>${outputHeaderDict}</arg>
<arg>${key}</arg>
<doc>Returns a value from the given ``dictionary`` based on the given ``key``.</doc>
<status status="PASS" start="2025-03-03T20:54:56.584820" elapsed="0.000000"/>
</kw>
<kw name="Get From List" owner="Collections">
<msg time="2025-03-03T20:54:56.585827" level="INFO">${referenceNumber} = 15432359</msg>
<var>${referenceNumber}</var>
<arg>${rowData}</arg>
<arg>1</arg>
<doc>Returns the value specified with an ``index`` from ``list``.</doc>
<status status="PASS" start="2025-03-03T20:54:56.584820" elapsed="0.001007"/>
</kw>
<kw name="Viitenumeron validointi">
<kw name="Split String To Characters" owner="String">
<msg time="2025-03-03T20:54:56.586333" level="INFO">${tarkistus} = ['1', '5', '4', '3', '2', '3', '5', '9']</msg>
<var>${tarkistus}</var>
<arg>${referenceNumber}</arg>
<doc>Splits the given ``string`` to characters.</doc>
<status status="PASS" start="2025-03-03T20:54:56.586333" elapsed="0.000000"/>
</kw>
<kw name="Set Variable" owner="BuiltIn">
<msg time="2025-03-03T20:54:56.587845" level="INFO">${listanViimeinen} = 8</msg>
<var>${listanViimeinen}</var>
<arg>${tarkistus.__len__()}</arg>
<doc>Returns the given values which can then be assigned to a variables.</doc>
<status status="PASS" start="2025-03-03T20:54:56.587340" elapsed="0.000505"/>
</kw>
<kw name="Evaluate" owner="BuiltIn">
<msg time="2025-03-03T20:54:56.587845" level="INFO">${listanViimeinen} = 7</msg>
<var>${listanViimeinen}</var>
<arg>${listanViimeinen} - 1</arg>
<doc>Evaluates the given expression in Python and returns the result.</doc>
<status status="PASS" start="2025-03-03T20:54:56.587845" elapsed="0.000000"/>
</kw>
<kw name="Get From List" owner="Collections">
<msg time="2025-03-03T20:54:56.588852" level="INFO">${viitenumeroVika} = 9</msg>
<var>${viitenumeroVika}</var>
<arg>${tarkistus}</arg>
<arg>${listanViimeinen}</arg>
<doc>Returns the value specified with an ``index`` from ``list``.</doc>
<status status="PASS" start="2025-03-03T20:54:56.588852" elapsed="0.000000"/>
</kw>
<kw name="Remove From List" owner="Collections">
<arg>${tarkistus}</arg>
<arg>-1</arg>
<doc>Removes and returns the value specified with an ``index`` from ``list``.</doc>
<status status="PASS" start="2025-03-03T20:54:56.588852" elapsed="0.000000"/>
</kw>
<kw name="Log" owner="BuiltIn">
<msg time="2025-03-03T20:54:56.588852" level="INFO">"Listalta poistettu: " + ['1', '5', '4', '3', '2', '3', '5']</msg>
<arg>"Listalta poistettu: " + ${tarkistus}</arg>
<doc>Logs the given message with the given level.</doc>
<status status="PASS" start="2025-03-03T20:54:56.588852" elapsed="0.000000"/>
</kw>
<kw name="Reverse List" owner="Collections">
<arg>${tarkistus}</arg>
<doc>Reverses the given list in place.</doc>
<status status="PASS" start="2025-03-03T20:54:56.589850" elapsed="0.000000"/>
</kw>
<kw name="Set Variable" owner="BuiltIn">
<msg time="2025-03-03T20:54:56.589850" level="INFO">${i} = 1</msg>
<var>${i}</var>
<arg>1</arg>
<doc>Returns the given values which can then be assigned to a variables.</doc>
<status status="PASS" start="2025-03-03T20:54:56.589850" elapsed="0.000000"/>
</kw>
<for flavor="IN RANGE">
<iter>
<kw name="Get From List" owner="Collections">
<msg time="2025-03-03T20:54:56.589850" level="INFO">${element} = 5</msg>
<var>${element}</var>
<arg>${tarkistus}</arg>
<arg>${index}</arg>
<doc>Returns the value specified with an ``index`` from ``list``.</doc>
<status status="PASS" start="2025-03-03T20:54:56.589850" elapsed="0.001505"/>
</kw>
<if>
<branch type="IF" condition="${i} == 4">
<kw name="Set Variable" owner="BuiltIn">
<var>${i}</var>
<arg>1</arg>
<doc>Returns the given values which can then be assigned to a variables.</doc>
<status status="NOT RUN" start="2025-03-03T20:54:56.591355" elapsed="0.000000"/>
</kw>
<status status="NOT RUN" start="2025-03-03T20:54:56.591355" elapsed="0.000000"/>
</branch>
<status status="PASS" start="2025-03-03T20:54:56.591355" elapsed="0.000000"/>
</if>
<if>
<branch type="IF" condition="${i} == 1">
<kw name="Evaluate" owner="BuiltIn">
<msg time="2025-03-03T20:54:56.592363" level="INFO">${laskettu} = 35</msg>
<var>${laskettu}</var>
<arg>int(${element}) * ${7}</arg>
<doc>Evaluates the given expression in Python and returns the result.</doc>
<status status="PASS" start="2025-03-03T20:54:56.591355" elapsed="0.001008"/>
</kw>
<kw name="Log" owner="BuiltIn">
<msg time="2025-03-03T20:54:56.592363" level="INFO">35 + " (kerrottu 7:lla)"</msg>
<arg>${laskettu} + " (kerrottu 7:lla)"</arg>
<doc>Logs the given message with the given level.</doc>
<status status="PASS" start="2025-03-03T20:54:56.592363" elapsed="0.000000"/>
</kw>
<status status="PASS" start="2025-03-03T20:54:56.591355" elapsed="0.001008"/>
</branch>
<branch type="ELSE IF" condition="${i} == 2">
<kw name="Evaluate" owner="BuiltIn">
<var>${laskettu}</var>
<arg>int(${element}) * ${3}</arg>
<doc>Evaluates the given expression in Python and returns the result.</doc>
<status status="NOT RUN" start="2025-03-03T20:54:56.592363" elapsed="0.000000"/>
</kw>
<kw name="Log" owner="BuiltIn">
<arg>${laskettu} + " (kerrottu 5:lla)"</arg>
<doc>Logs the given message with the given level.</doc>
<status status="NOT RUN" start="2025-03-03T20:54:56.593362" elapsed="0.000000"/>
</kw>
<status status="NOT RUN" start="2025-03-03T20:54:56.592363" elapsed="0.000999"/>
</branch>
<branch type="ELSE">
<kw name="Evaluate" owner="BuiltIn">
<var>${laskettu}</var>
<arg>int(${element}) * ${1}</arg>
<doc>Evaluates the given expression in Python and returns the result.</doc>
<status status="NOT RUN" start="2025-03-03T20:54:56.593362" elapsed="0.000000"/>
</kw>
<kw name="Log" owner="BuiltIn">
<arg>${laskettu} + " (kerrottu 1:lla)"</arg>
<doc>Logs the given message with the given level.</doc>
<status status="NOT RUN" start="2025-03-03T20:54:56.593362" elapsed="0.000000"/>
</kw>
<status status="NOT RUN" start="2025-03-03T20:54:56.593362" elapsed="0.000000"/>
</branch>
<status status="PASS" start="2025-03-03T20:54:56.591355" elapsed="0.002007"/>
</if>
<kw name="Set List Value" owner="Collections">
<arg>${tarkistus}</arg>
<arg>${index}</arg>
<arg>${laskettu}</arg>
<doc>Sets the value of ``list`` specified by ``index`` to the given ``value``.</doc>
<status status="PASS" start="2025-03-03T20:54:56.593362" elapsed="0.000000"/>
</kw>
<kw name="Evaluate" owner="BuiltIn">
<msg time="2025-03-03T20:54:56.593362" level="INFO">${i} = 2</msg>
<var>${i}</var>
<arg>${i}+1</arg>
<doc>Evaluates the given expression in Python and returns the result.</doc>
<status status="PASS" start="2025-03-03T20:54:56.593362" elapsed="0.000000"/>
</kw>
<var name="${index}">0</var>
<status status="PASS" start="2025-03-03T20:54:56.589850" elapsed="0.003512"/>
</iter>
<iter>
<kw name="Get From List" owner="Collections">
<msg time="2025-03-03T20:54:56.594867" level="INFO">${element} = 3</msg>
<var>${element}</var>
<arg>${tarkistus}</arg>
<arg>${index}</arg>
<doc>Returns the value specified with an ``index`` from ``list``.</doc>
<status status="PASS" start="2025-03-03T20:54:56.594867" elapsed="0.000000"/>
</kw>
<if>
<branch type="IF" condition="${i} == 4">
<kw name="Set Variable" owner="BuiltIn">
<var>${i}</var>
<arg>1</arg>
<doc>Returns the given values which can then be assigned to a variables.</doc>
<status status="NOT RUN" start="2025-03-03T20:54:56.594867" elapsed="0.000000"/>
</kw>
<status status="NOT RUN" start="2025-03-03T20:54:56.594867" elapsed="0.000000"/>
</branch>
<status status="PASS" start="2025-03-03T20:54:56.594867" elapsed="0.000000"/>
</if>
<if>
<branch type="IF" condition="${i} == 1">
<kw name="Evaluate" owner="BuiltIn">
<var>${laskettu}</var>
<arg>int(${element}) * ${7}</arg>
<doc>Evaluates the given expression in Python and returns the result.</doc>
<status status="NOT RUN" start="2025-03-03T20:54:56.595871" elapsed="0.000000"/>
</kw>
<kw name="Log" owner="BuiltIn">
<arg>${laskettu} + " (kerrottu 7:lla)"</arg>
<doc>Logs the given message with the given level.</doc>
<status status="NOT RUN" start="2025-03-03T20:54:56.595871" elapsed="0.000000"/>
</kw>
<status status="NOT RUN" start="2025-03-03T20:54:56.594867" elapsed="0.001004"/>
</branch>
<branch type="ELSE IF" condition="${i} == 2">
<kw name="Evaluate" owner="BuiltIn">
<msg time="2025-03-03T20:54:56.595871" level="INFO">${laskettu} = 9</msg>
<var>${laskettu}</var>
<arg>int(${element}) * ${3}</arg>
<doc>Evaluates the given expression in Python and returns the result.</doc>
<status status="PASS" start="2025-03-03T20:54:56.595871" elapsed="0.000000"/>
</kw>
<kw name="Log" owner="BuiltIn">
<msg time="2025-03-03T20:54:56.595871" level="INFO">9 + " (kerrottu 5:lla)"</msg>
<arg>${laskettu} + " (kerrottu 5:lla)"</arg>
<doc>Logs the given message with the given level.</doc>
<status status="PASS" start="2025-03-03T20:54:56.595871" elapsed="0.001208"/>
</kw>
<status status="PASS" start="2025-03-03T20:54:56.595871" elapsed="0.001208"/>
</branch>
<branch type="ELSE">
<kw name="Evaluate" owner="BuiltIn">
<var>${laskettu}</var>
<arg>int(${element}) * ${1}</arg>
<doc>Evaluates the given expression in Python and returns the result.</doc>
<status status="NOT RUN" start="2025-03-03T20:54:56.597079" elapsed="0.000000"/>
</kw>
<kw name="Log" owner="BuiltIn">
<arg>${laskettu} + " (kerrottu 1:lla)"</arg>
<doc>Logs the given message with the given level.</doc>
<status status="NOT RUN" start="2025-03-03T20:54:56.597079" elapsed="0.000000"/>
</kw>
<status status="NOT RUN" start="2025-03-03T20:54:56.597079" elapsed="0.000000"/>
</branch>
<status status="PASS" start="2025-03-03T20:54:56.594867" elapsed="0.002212"/>
</if>
<kw name="Set List Value" owner="Collections">
<arg>${tarkistus}</arg>
<arg>${index}</arg>
<arg>${laskettu}</arg>
<doc>Sets the value of ``list`` specified by ``index`` to the given ``value``.</doc>
<status status="PASS" start="2025-03-03T20:54:56.597079" elapsed="0.001157"/>
</kw>
<kw name="Evaluate" owner="BuiltIn">
<msg time="2025-03-03T20:54:56.598236" level="INFO">${i} = 3</msg>
<var>${i}</var>
<arg>${i}+1</arg>
<doc>Evaluates the given expression in Python and returns the result.</doc>
<status status="PASS" start="2025-03-03T20:54:56.598236" elapsed="0.000000"/>
</kw>
<var name="${index}">1</var>
<status status="PASS" start="2025-03-03T20:54:56.594867" elapsed="0.003369"/>
</iter>
<iter>
<kw name="Get From List" owner="Collections">
<msg time="2025-03-03T20:54:56.599251" level="INFO">${element} = 2</msg>
<var>${element}</var>
<arg>${tarkistus}</arg>
<arg>${index}</arg>
<doc>Returns the value specified with an ``index`` from ``list``.</doc>
<status status="PASS" start="2025-03-03T20:54:56.598236" elapsed="0.001015"/>
</kw>
<if>
<branch type="IF" condition="${i} == 4">
<kw name="Set Variable" owner="BuiltIn">
<var>${i}</var>
<arg>1</arg>
<doc>Returns the given values which can then be assigned to a variables.</doc>
<status status="NOT RUN" start="2025-03-03T20:54:56.599251" elapsed="0.000000"/>
</kw>
<status status="NOT RUN" start="2025-03-03T20:54:56.599251" elapsed="0.000000"/>
</branch>
<status status="PASS" start="2025-03-03T20:54:56.599251" elapsed="0.000000"/>
</if>
<if>
<branch type="IF" condition="${i} == 1">
<kw name="Evaluate" owner="BuiltIn">
<var>${laskettu}</var>
<arg>int(${element}) * ${7}</arg>
<doc>Evaluates the given expression in Python and returns the result.</doc>
<status status="NOT RUN" start="2025-03-03T20:54:56.599251" elapsed="0.000000"/>
</kw>
<kw name="Log" owner="BuiltIn">
<arg>${laskettu} + " (kerrottu 7:lla)"</arg>
<doc>Logs the given message with the given level.</doc>
<status status="NOT RUN" start="2025-03-03T20:54:56.599251" elapsed="0.000000"/>
</kw>
<status status="NOT RUN" start="2025-03-03T20:54:56.599251" elapsed="0.001002"/>
</branch>
<branch type="ELSE IF" condition="${i} == 2">
<kw name="Evaluate" owner="BuiltIn">
<var>${laskettu}</var>
<arg>int(${element}) * ${3}</arg>
<doc>Evaluates the given expression in Python and returns the result.</doc>
<status status="NOT RUN" start="2025-03-03T20:54:56.600253" elapsed="0.000000"/>
</kw>
<kw name="Log" owner="BuiltIn">
<arg>${laskettu} + " (kerrottu 5:lla)"</arg>
<doc>Logs the given message with the given level.</doc>
<status status="NOT RUN" start="2025-03-03T20:54:56.600253" elapsed="0.000000"/>
</kw>
<status status="NOT RUN" start="2025-03-03T20:54:56.600253" elapsed="0.000000"/>
</branch>
<branch type="ELSE">
<kw name="Evaluate" owner="BuiltIn">
<msg time="2025-03-03T20:54:56.601253" level="INFO">${laskettu} = 2</msg>
<var>${laskettu}</var>
<arg>int(${element}) * ${1}</arg>
<doc>Evaluates the given expression in Python and returns the result.</doc>
<status status="PASS" start="2025-03-03T20:54:56.600253" elapsed="0.001000"/>
</kw>
<kw name="Log" owner="BuiltIn">
<msg time="2025-03-03T20:54:56.601253" level="INFO">2 + " (kerrottu 1:lla)"</msg>
<arg>${laskettu} + " (kerrottu 1:lla)"</arg>
<doc>Logs the given message with the given level.</doc>
<status status="PASS" start="2025-03-03T20:54:56.601253" elapsed="0.000000"/>
</kw>
<status status="PASS" start="2025-03-03T20:54:56.600253" elapsed="0.001000"/>
</branch>
<status status="PASS" start="2025-03-03T20:54:56.599251" elapsed="0.002002"/>
</if>
<kw name="Set List Value" owner="Collections">
<arg>${tarkistus}</arg>
<arg>${index}</arg>
<arg>${laskettu}</arg>
<doc>Sets the value of ``list`` specified by ``index`` to the given ``value``.</doc>
<status status="PASS" start="2025-03-03T20:54:56.601253" elapsed="0.000000"/>
</kw>
<kw name="Evaluate" owner="BuiltIn">
<msg time="2025-03-03T20:54:56.602292" level="INFO">${i} = 4</msg>
<var>${i}</var>
<arg>${i}+1</arg>
<doc>Evaluates the given expression in Python and returns the result.</doc>
<status status="PASS" start="2025-03-03T20:54:56.601253" elapsed="0.001039"/>
</kw>
<var name="${index}">2</var>
<status status="PASS" start="2025-03-03T20:54:56.598236" elapsed="0.004056"/>
</iter>
<iter>
<kw name="Get From List" owner="Collections">
<msg time="2025-03-03T20:54:56.602292" level="INFO">${element} = 3</msg>
<var>${element}</var>
<arg>${tarkistus}</arg>
<arg>${index}</arg>
<doc>Returns the value specified with an ``index`` from ``list``.</doc>
<status status="PASS" start="2025-03-03T20:54:56.602292" elapsed="0.000000"/>
</kw>
<if>
<branch type="IF" condition="${i} == 4">
<kw name="Set Variable" owner="BuiltIn">
<msg time="2025-03-03T20:54:56.603300" level="INFO">${i} = 1</msg>
<var>${i}</var>
<arg>1</arg>
<doc>Returns the given values which can then be assigned to a variables.</doc>
<status status="PASS" start="2025-03-03T20:54:56.603300" elapsed="0.000000"/>
</kw>
<status status="PASS" start="2025-03-03T20:54:56.603300" elapsed="0.000000"/>
</branch>
<status status="PASS" start="2025-03-03T20:54:56.602292" elapsed="0.001008"/>
</if>
<if>
<branch type="IF" condition="${i} == 1">
<kw name="Evaluate" owner="BuiltIn">
<msg time="2025-03-03T20:54:56.603300" level="INFO">${laskettu} = 21</msg>
<var>${laskettu}</var>
<arg>int(${element}) * ${7}</arg>
<doc>Evaluates the given expression in Python and returns the result.</doc>
<status status="PASS" start="2025-03-03T20:54:56.603300" elapsed="0.000000"/>
</kw>
<kw name="Log" owner="BuiltIn">
<msg time="2025-03-03T20:54:56.603300" level="INFO">21 + " (kerrottu 7:lla)"</msg>
<arg>${laskettu} + " (kerrottu 7:lla)"</arg>
<doc>Logs the given message with the given level.</doc>
<status status="PASS" start="2025-03-03T20:54:56.603300" elapsed="0.000000"/>
</kw>
<status status="PASS" start="2025-03-03T20:54:56.603300" elapsed="0.000000"/>
</branch>
<branch type="ELSE IF" condition="${i} == 2">
<kw name="Evaluate" owner="BuiltIn">
<var>${laskettu}</var>
<arg>int(${element}) * ${3}</arg>
<doc>Evaluates the given expression in Python and returns the result.</doc>
<status status="NOT RUN" start="2025-03-03T20:54:56.604805" elapsed="0.000000"/>
</kw>
<kw name="Log" owner="BuiltIn">
<arg>${laskettu} + " (kerrottu 5:lla)"</arg>
<doc>Logs the given message with the given level.</doc>
<status status="NOT RUN" start="2025-03-03T20:54:56.604805" elapsed="0.000000"/>
</kw>
<status status="NOT RUN" start="2025-03-03T20:54:56.604805" elapsed="0.000000"/>
</branch>
<branch type="ELSE">
<kw name="Evaluate" owner="BuiltIn">
<var>${laskettu}</var>
<arg>int(${element}) * ${1}</arg>
<doc>Evaluates the given expression in Python and returns the result.</doc>
<status status="NOT RUN" start="2025-03-03T20:54:56.604805" elapsed="0.000000"/>
</kw>
<kw name="Log" owner="BuiltIn">
<arg>${laskettu} + " (kerrottu 1:lla)"</arg>
<doc>Logs the given message with the given level.</doc>
<status status="NOT RUN" start="2025-03-03T20:54:56.604805" elapsed="0.000000"/>
</kw>
<status status="NOT RUN" start="2025-03-03T20:54:56.604805" elapsed="0.000000"/>
</branch>
<status status="PASS" start="2025-03-03T20:54:56.603300" elapsed="0.001505"/>
</if>
<kw name="Set List Value" owner="Collections">
<arg>${tarkistus}</arg>
<arg>${index}</arg>
<arg>${laskettu}</arg>
<doc>Sets the value of ``list`` specified by ``index`` to the given ``value``.</doc>
<status status="PASS" start="2025-03-03T20:54:56.604805" elapsed="0.001045"/>
</kw>
<kw name="Evaluate" owner="BuiltIn">
<msg time="2025-03-03T20:54:56.605850" level="INFO">${i} = 2</msg>
<var>${i}</var>
<arg>${i}+1</arg>
<doc>Evaluates the given expression in Python and returns the result.</doc>
<status status="PASS" start="2025-03-03T20:54:56.605850" elapsed="0.000305"/>
</kw>
<var name="${index}">3</var>
<status status="PASS" start="2025-03-03T20:54:56.602292" elapsed="0.003863"/>
</iter>
<iter>
<kw name="Get From List" owner="Collections">
<msg time="2025-03-03T20:54:56.606155" level="INFO">${element} = 4</msg>
<var>${element}</var>
<arg>${tarkistus}</arg>
<arg>${index}</arg>
<doc>Returns the value specified with an ``index`` from ``list``.</doc>
<status status="PASS" start="2025-03-03T20:54:56.606155" elapsed="0.000000"/>
</kw>
<if>
<branch type="IF" condition="${i} == 4">
<kw name="Set Variable" owner="BuiltIn">
<var>${i}</var>
<arg>1</arg>
<doc>Returns the given values which can then be assigned to a variables.</doc>
<status status="NOT RUN" start="2025-03-03T20:54:56.607166" elapsed="0.000000"/>
</kw>
<status status="NOT RUN" start="2025-03-03T20:54:56.607166" elapsed="0.000000"/>
</branch>
<status status="PASS" start="2025-03-03T20:54:56.607166" elapsed="0.000000"/>
</if>
<if>
<branch type="IF" condition="${i} == 1">
<kw name="Evaluate" owner="BuiltIn">
<var>${laskettu}</var>
<arg>int(${element}) * ${7}</arg>
<doc>Evaluates the given expression in Python and returns the result.</doc>
<status status="NOT RUN" start="2025-03-03T20:54:56.607166" elapsed="0.000000"/>
</kw>
<kw name="Log" owner="BuiltIn">
<arg>${laskettu} + " (kerrottu 7:lla)"</arg>
<doc>Logs the given message with the given level.</doc>
<status status="NOT RUN" start="2025-03-03T20:54:56.607166" elapsed="0.000000"/>
</kw>
<status status="NOT RUN" start="2025-03-03T20:54:56.607166" elapsed="0.000000"/>
</branch>
<branch type="ELSE IF" condition="${i} == 2">
<kw name="Evaluate" owner="BuiltIn">
<msg time="2025-03-03T20:54:56.608169" level="INFO">${laskettu} = 12</msg>
<var>${laskettu}</var>
<arg>int(${element}) * ${3}</arg>
<doc>Evaluates the given expression in Python and returns the result.</doc>
<status status="PASS" start="2025-03-03T20:54:56.608169" elapsed="0.000000"/>
</kw>
<kw name="Log" owner="BuiltIn">
<msg time="2025-03-03T20:54:56.608169" level="INFO">12 + " (kerrottu 5:lla)"</msg>
<arg>${laskettu} + " (kerrottu 5:lla)"</arg>
<doc>Logs the given message with the given level.</doc>
<status status="PASS" start="2025-03-03T20:54:56.608169" elapsed="0.000000"/>
</kw>
<status status="PASS" start="2025-03-03T20:54:56.608169" elapsed="0.000000"/>
</branch>
<branch type="ELSE">
<kw name="Evaluate" owner="BuiltIn">
<var>${laskettu}</var>
<arg>int(${element}) * ${1}</arg>
<doc>Evaluates the given expression in Python and returns the result.</doc>
<status status="NOT RUN" start="2025-03-03T20:54:56.609201" elapsed="0.000000"/>
</kw>
<kw name="Log" owner="BuiltIn">
<arg>${laskettu} + " (kerrottu 1:lla)"</arg>
<doc>Logs the given message with the given level.</doc>
<status status="NOT RUN" start="2025-03-03T20:54:56.609201" elapsed="0.000000"/>
</kw>
<status status="NOT RUN" start="2025-03-03T20:54:56.609201" elapsed="0.000000"/>
</branch>
<status status="PASS" start="2025-03-03T20:54:56.607166" elapsed="0.002035"/>
</if>
<kw name="Set List Value" owner="Collections">
<arg>${tarkistus}</arg>
<arg>${index}</arg>
<arg>${laskettu}</arg>
<doc>Sets the value of ``list`` specified by ``index`` to the given ``value``.</doc>
<status status="PASS" start="2025-03-03T20:54:56.609201" elapsed="0.000000"/>
</kw>
<kw name="Evaluate" owner="BuiltIn">
<msg time="2025-03-03T20:54:56.609201" level="INFO">${i} = 3</msg>
<var>${i}</var>
<arg>${i}+1</arg>
<doc>Evaluates the given expression in Python and returns the result.</doc>
<status status="PASS" start="2025-03-03T20:54:56.609201" elapsed="0.000000"/>
</kw>
<var name="${index}">4</var>
<status status="PASS" start="2025-03-03T20:54:56.606155" elapsed="0.004045"/>
</iter>
<iter>
<kw name="Get From List" owner="Collections">
<msg time="2025-03-03T20:54:56.610200" level="INFO">${element} = 5</msg>
<var>${element}</var>
<arg>${tarkistus}</arg>
<arg>${index}</arg>
<doc>Returns the value specified with an ``index`` from ``list``.</doc>
<status status="PASS" start="2025-03-03T20:54:56.610200" elapsed="0.000000"/>
</kw>
<if>
<branch type="IF" condition="${i} == 4">
<kw name="Set Variable" owner="BuiltIn">
<var>${i}</var>
<arg>1</arg>
<doc>Returns the given values which can then be assigned to a variables.</doc>
<status status="NOT RUN" start="2025-03-03T20:54:56.610200" elapsed="0.000000"/>
</kw>
<status status="NOT RUN" start="2025-03-03T20:54:56.610200" elapsed="0.000000"/>
</branch>
<status status="PASS" start="2025-03-03T20:54:56.610200" elapsed="0.000000"/>
</if>
<if>
<branch type="IF" condition="${i} == 1">
<kw name="Evaluate" owner="BuiltIn">
<var>${laskettu}</var>
<arg>int(${element}) * ${7}</arg>
<doc>Evaluates the given expression in Python and returns the result.</doc>
<status status="NOT RUN" start="2025-03-03T20:54:56.610200" elapsed="0.000000"/>
</kw>
<kw name="Log" owner="BuiltIn">
<arg>${laskettu} + " (kerrottu 7:lla)"</arg>
<doc>Logs the given message with the given level.</doc>
<status status="NOT RUN" start="2025-03-03T20:54:56.610200" elapsed="0.000000"/>
</kw>
<status status="NOT RUN" start="2025-03-03T20:54:56.610200" elapsed="0.000000"/>
</branch>
<branch type="ELSE IF" condition="${i} == 2">
<kw name="Evaluate" owner="BuiltIn">
<var>${laskettu}</var>
<arg>int(${element}) * ${3}</arg>
<doc>Evaluates the given expression in Python and returns the result.</doc>
<status status="NOT RUN" start="2025-03-03T20:54:56.611704" elapsed="0.000000"/>
</kw>
<kw name="Log" owner="BuiltIn">
<arg>${laskettu} + " (kerrottu 5:lla)"</arg>
<doc>Logs the given message with the given level.</doc>
<status status="NOT RUN" start="2025-03-03T20:54:56.611704" elapsed="0.000000"/>
</kw>
<status status="NOT RUN" start="2025-03-03T20:54:56.611704" elapsed="0.000000"/>
</branch>
<branch type="ELSE">
<kw name="Evaluate" owner="BuiltIn">
<msg time="2025-03-03T20:54:56.611704" level="INFO">${laskettu} = 5</msg>
<var>${laskettu}</var>
<arg>int(${element}) * ${1}</arg>
<doc>Evaluates the given expression in Python and returns the result.</doc>
<status status="PASS" start="2025-03-03T20:54:56.611704" elapsed="0.000000"/>
</kw>
<kw name="Log" owner="BuiltIn">
<msg time="2025-03-03T20:54:56.612803" level="INFO">5 + " (kerrottu 1:lla)"</msg>
<arg>${laskettu} + " (kerrottu 1:lla)"</arg>
<doc>Logs the given message with the given level.</doc>
<status status="PASS" start="2025-03-03T20:54:56.611704" elapsed="0.001099"/>
</kw>
<status status="PASS" start="2025-03-03T20:54:56.611704" elapsed="0.001099"/>
</branch>
<status status="PASS" start="2025-03-03T20:54:56.610200" elapsed="0.002603"/>
</if>
<kw name="Set List Value" owner="Collections">
<arg>${tarkistus}</arg>
<arg>${index}</arg>
<arg>${laskettu}</arg>
<doc>Sets the value of ``list`` specified by ``index`` to the given ``value``.</doc>
<status status="PASS" start="2025-03-03T20:54:56.612803" elapsed="0.000000"/>
</kw>
<kw name="Evaluate" owner="BuiltIn">
<msg time="2025-03-03T20:54:56.613883" level="INFO">${i} = 4</msg>
<var>${i}</var>
<arg>${i}+1</arg>
<doc>Evaluates the given expression in Python and returns the result.</doc>
<status status="PASS" start="2025-03-03T20:54:56.612803" elapsed="0.001080"/>
</kw>
<var name="${index}">5</var>
<status status="PASS" start="2025-03-03T20:54:56.610200" elapsed="0.003683"/>
</iter>
<iter>
<kw name="Get From List" owner="Collections">
<msg time="2025-03-03T20:54:56.613883" level="INFO">${element} = 1</msg>
<var>${element}</var>
<arg>${tarkistus}</arg>
<arg>${index}</arg>
<doc>Returns the value specified with an ``index`` from ``list``.</doc>
<status status="PASS" start="2025-03-03T20:54:56.613883" elapsed="0.000000"/>
</kw>
<if>
<branch type="IF" condition="${i} == 4">
<kw name="Set Variable" owner="BuiltIn">
<msg time="2025-03-03T20:54:56.613883" level="INFO">${i} = 1</msg>
<var>${i}</var>
<arg>1</arg>
<doc>Returns the given values which can then be assigned to a variables.</doc>
<status status="PASS" start="2025-03-03T20:54:56.613883" elapsed="0.000000"/>
</kw>
<status status="PASS" start="2025-03-03T20:54:56.613883" elapsed="0.001283"/>
</branch>
<status status="PASS" start="2025-03-03T20:54:56.613883" elapsed="0.001283"/>
</if>
<if>
<branch type="IF" condition="${i} == 1">
<kw name="Evaluate" owner="BuiltIn">
<msg time="2025-03-03T20:54:56.615682" level="INFO">${laskettu} = 7</msg>
<var>${laskettu}</var>
<arg>int(${element}) * ${7}</arg>
<doc>Evaluates the given expression in Python and returns the result.</doc>
<status status="PASS" start="2025-03-03T20:54:56.615166" elapsed="0.000516"/>
</kw>
<kw name="Log" owner="BuiltIn">
<msg time="2025-03-03T20:54:56.615682" level="INFO">7 + " (kerrottu 7:lla)"</msg>
<arg>${laskettu} + " (kerrottu 7:lla)"</arg>
<doc>Logs the given message with the given level.</doc>
<status status="PASS" start="2025-03-03T20:54:56.615682" elapsed="0.000000"/>
</kw>
<status status="PASS" start="2025-03-03T20:54:56.615166" elapsed="0.000516"/>
</branch>
<branch type="ELSE IF" condition="${i} == 2">
<kw name="Evaluate" owner="BuiltIn">
<var>${laskettu}</var>
<arg>int(${element}) * ${3}</arg>
<doc>Evaluates the given expression in Python and returns the result.</doc>
<status status="NOT RUN" start="2025-03-03T20:54:56.615682" elapsed="0.000000"/>
</kw>
<kw name="Log" owner="BuiltIn">
<arg>${laskettu} + " (kerrottu 5:lla)"</arg>
<doc>Logs the given message with the given level.</doc>
<status status="NOT RUN" start="2025-03-03T20:54:56.615682" elapsed="0.000000"/>
</kw>
<status status="NOT RUN" start="2025-03-03T20:54:56.615682" elapsed="0.000000"/>
</branch>
<branch type="ELSE">
<kw name="Evaluate" owner="BuiltIn">
<var>${laskettu}</var>
<arg>int(${element}) * ${1}</arg>
<doc>Evaluates the given expression in Python and returns the result.</doc>
<status status="NOT RUN" start="2025-03-03T20:54:56.616694" elapsed="0.000000"/>
</kw>
<kw name="Log" owner="BuiltIn">
<arg>${laskettu} + " (kerrottu 1:lla)"</arg>
<doc>Logs the given message with the given level.</doc>
<status status="NOT RUN" start="2025-03-03T20:54:56.616694" elapsed="0.000000"/>
</kw>
<status status="NOT RUN" start="2025-03-03T20:54:56.616694" elapsed="0.000000"/>
</branch>
<status status="PASS" start="2025-03-03T20:54:56.615166" elapsed="0.001528"/>
</if>
<kw name="Set List Value" owner="Collections">
<arg>${tarkistus}</arg>
<arg>${index}</arg>
<arg>${laskettu}</arg>
<doc>Sets the value of ``list`` specified by ``index`` to the given ``value``.</doc>
<status status="PASS" start="2025-03-03T20:54:56.616694" elapsed="0.000000"/>
</kw>
<kw name="Evaluate" owner="BuiltIn">
<msg time="2025-03-03T20:54:56.616694" level="INFO">${i} = 2</msg>
<var>${i}</var>
<arg>${i}+1</arg>
<doc>Evaluates the given expression in Python and returns the result.</doc>
<status status="PASS" start="2025-03-03T20:54:56.616694" elapsed="0.001046"/>
</kw>
<var name="${index}">6</var>
<status status="PASS" start="2025-03-03T20:54:56.613883" elapsed="0.003857"/>
</iter>
<var>${index}</var>
<value>${tarkistus.__len__()}</value>
<status status="PASS" start="2025-03-03T20:54:56.589850" elapsed="0.027890"/>
</for>
<kw name="Set Variable" owner="BuiltIn">
<msg time="2025-03-03T20:54:56.617740" level="INFO">${viitesumma} = 0</msg>
<var>${viitesumma}</var>
<arg>0</arg>
<doc>Returns the given values which can then be assigned to a variables.</doc>
<status status="PASS" start="2025-03-03T20:54:56.617740" elapsed="0.000000"/>
</kw>
<for flavor="IN RANGE">
<iter>
<kw name="Get From List" owner="Collections">
<msg time="2025-03-03T20:54:56.618944" level="INFO">${element} = 35</msg>
<var>${element}</var>
<arg>${tarkistus}</arg>
<arg>${index}</arg>
<doc>Returns the value specified with an ``index`` from ``list``.</doc>
<status status="PASS" start="2025-03-03T20:54:56.617740" elapsed="0.001204"/>
</kw>
<kw name="Evaluate" owner="BuiltIn">
<msg time="2025-03-03T20:54:56.618944" level="INFO">${viitesumma} = 35</msg>
<var>${viitesumma}</var>
<arg>${viitesumma} + int(${element})</arg>
<doc>Evaluates the given expression in Python and returns the result.</doc>
<status status="PASS" start="2025-03-03T20:54:56.618944" elapsed="0.000000"/>
</kw>
<kw name="Log" owner="BuiltIn">
<msg time="2025-03-03T20:54:56.618944" level="INFO">"Viitesumma: " + 35</msg>
<arg>"Viitesumma: " + ${viitesumma}</arg>
<doc>Logs the given message with the given level.</doc>
<status status="PASS" start="2025-03-03T20:54:56.618944" elapsed="0.000000"/>
</kw>
<var name="${index}">0</var>
<status status="PASS" start="2025-03-03T20:54:56.617740" elapsed="0.001204"/>
</iter>
<iter>
<kw name="Get From List" owner="Collections">
<msg time="2025-03-03T20:54:56.618944" level="INFO">${element} = 9</msg>
<var>${element}</var>
<arg>${tarkistus}</arg>
<arg>${index}</arg>
<doc>Returns the value specified with an ``index`` from ``list``.</doc>
<status status="PASS" start="2025-03-03T20:54:56.618944" elapsed="0.001478"/>
</kw>
<kw name="Evaluate" owner="BuiltIn">
<msg time="2025-03-03T20:54:56.620422" level="INFO">${viitesumma} = 44</msg>
<var>${viitesumma}</var>
<arg>${viitesumma} + int(${element})</arg>
<doc>Evaluates the given expression in Python and returns the result.</doc>
<status status="PASS" start="2025-03-03T20:54:56.620422" elapsed="0.000000"/>
</kw>
<kw name="Log" owner="BuiltIn">
<msg time="2025-03-03T20:54:56.620422" level="INFO">"Viitesumma: " + 44</msg>
<arg>"Viitesumma: " + ${viitesumma}</arg>
<doc>Logs the given message with the given level.</doc>
<status status="PASS" start="2025-03-03T20:54:56.620422" elapsed="0.000000"/>
</kw>
<var name="${index}">1</var>
<status status="PASS" start="2025-03-03T20:54:56.618944" elapsed="0.002494"/>
</iter>
<iter>
<kw name="Get From List" owner="Collections">
<msg time="2025-03-03T20:54:56.621438" level="INFO">${element} = 2</msg>
<var>${element}</var>
<arg>${tarkistus}</arg>
<arg>${index}</arg>
<doc>Returns the value specified with an ``index`` from ``list``.</doc>
<status status="PASS" start="2025-03-03T20:54:56.621438" elapsed="0.000000"/>
</kw>
<kw name="Evaluate" owner="BuiltIn">
<msg time="2025-03-03T20:54:56.621438" level="INFO">${viitesumma} = 46</msg>
<var>${viitesumma}</var>
<arg>${viitesumma} + int(${element})</arg>
<doc>Evaluates the given expression in Python and returns the result.</doc>
<status status="PASS" start="2025-03-03T20:54:56.621438" elapsed="0.000000"/>
</kw>
<kw name="Log" owner="BuiltIn">
<msg time="2025-03-03T20:54:56.622442" level="INFO">"Viitesumma: " + 46</msg>
<arg>"Viitesumma: " + ${viitesumma}</arg>
<doc>Logs the given message with the given level.</doc>
<status status="PASS" start="2025-03-03T20:54:56.621438" elapsed="0.001004"/>
</kw>
<var name="${index}">2</var>
<status status="PASS" start="2025-03-03T20:54:56.621438" elapsed="0.001004"/>
</iter>
<iter>
<kw name="Get From List" owner="Collections">
<msg time="2025-03-03T20:54:56.622442" level="INFO">${element} = 21</msg>
<var>${element}</var>
<arg>${tarkistus}</arg>
<arg>${index}</arg>
<doc>Returns the value specified with an ``index`` from ``list``.</doc>
<status status="PASS" start="2025-03-03T20:54:56.622442" elapsed="0.000000"/>
</kw>
<kw name="Evaluate" owner="BuiltIn">
<msg time="2025-03-03T20:54:56.622442" level="INFO">${viitesumma} = 67</msg>
<var>${viitesumma}</var>
<arg>${viitesumma} + int(${element})</arg>
<doc>Evaluates the given expression in Python and returns the result.</doc>
<status status="PASS" start="2025-03-03T20:54:56.622442" elapsed="0.000000"/>
</kw>
<kw name="Log" owner="BuiltIn">
<msg time="2025-03-03T20:54:56.623442" level="INFO">"Viitesumma: " + 67</msg>
<arg>"Viitesumma: " + ${viitesumma}</arg>
<doc>Logs the given message with the given level.</doc>
<status status="PASS" start="2025-03-03T20:54:56.623442" elapsed="0.000000"/>
[...]
</kw>
<kw name="Get From List" owner="Collections">
<msg time="2025-03-03T20:54:56.966022" level="INFO">${companyName} = Service Provider Oy</msg>
<var>${companyName}</var>
<arg>${rivitiedot}</arg>
<arg>0</arg>
<doc>Returns the value specified with an ``index`` from ``list``.</doc>
<status status="PASS" start="2025-03-03T20:54:56.965517" elapsed="0.000505"/>
</kw>
<kw name="Get From List" owner="Collections">
<msg time="2025-03-03T20:54:56.966022" level="INFO">${companyCode} = 1234567-8</msg>
<var>${companyCode}</var>
<arg>${rivitiedot}</arg>
<arg>4</arg>
<doc>Returns the value specified with an ``index`` from ``list``.</doc>
<status status="PASS" start="2025-03-03T20:54:56.966022" elapsed="0.000000"/>
</kw>
<kw name="Get From List" owner="Collections">
<msg time="2025-03-03T20:54:56.967030" level="INFO">${referenceNumber} = 1431432</msg>
<var>${referenceNumber}</var>
<arg>${rivitiedot}</arg>
<arg>1</arg>
<doc>Returns the value specified with an ``index`` from ``list``.</doc>
<status status="PASS" start="2025-03-03T20:54:56.967030" elapsed="0.000000"/>
</kw>
<kw name="Get From List" owner="Collections">
<msg time="2025-03-03T20:54:56.967030" level="INFO">${invoiceDate} = 15.12.2022</msg>
<var>${invoiceDate}</var>
<arg>${rivitiedot}</arg>
<arg>2</arg>
<doc>Returns the value specified with an ``index`` from ``list``.</doc>
<status status="PASS" start="2025-03-03T20:54:56.967030" elapsed="0.001063"/>
</kw>
<kw name="Get From List" owner="Collections">
<msg time="2025-03-03T20:54:56.969094" level="INFO">${dueDate} = 07.04.2021</msg>
<var>${dueDate}</var>
<arg>${rivitiedot}</arg>
<arg>3</arg>
<doc>Returns the value specified with an ``index`` from ``list``.</doc>
<status status="PASS" start="2025-03-03T20:54:56.968093" elapsed="0.001001"/>
</kw>
<kw name="Get From List" owner="Collections">
<msg time="2025-03-03T20:54:56.969094" level="INFO">${bankAccountNumber} = FI1234567890123456</msg>
<var>${bankAccountNumber}</var>
<arg>${rivitiedot}</arg>
<arg>5</arg>
<doc>Returns the value specified with an ``index`` from ``list``.</doc>
<status status="PASS" start="2025-03-03T20:54:56.969094" elapsed="0.001000"/>
</kw>
<kw name="Get From List" owner="Collections">
<msg time="2025-03-03T20:54:56.970094" level="INFO">${amountExclVAT} = 1350</msg>
<var>${amountExclVAT}</var>
<arg>${rivitiedot}</arg>
<arg>6</arg>
<doc>Returns the value specified with an ``index`` from ``list``.</doc>
<status status="PASS" start="2025-03-03T20:54:56.970094" elapsed="0.000000"/>
</kw>
<kw name="Get From List" owner="Collections">
<msg time="2025-03-03T20:54:56.970094" level="INFO">${vatAmount} = 324</msg>
<var>${vatAmount}</var>
<arg>${rivitiedot}</arg>
<arg>7</arg>
<doc>Returns the value specified with an ``index`` from ``list``.</doc>
<status status="PASS" start="2025-03-03T20:54:56.970094" elapsed="0.000000"/>
</kw>
<kw name="Get From List" owner="Collections">
<msg time="2025-03-03T20:54:56.971617" level="INFO">${totalAmount} = 1674</msg>
<var>${totalAmount}</var>
<arg>${rivitiedot}</arg>
<arg>8</arg>
<doc>Returns the value specified with an ``index`` from ``list``.</doc>
<status status="PASS" start="2025-03-03T20:54:56.971617" elapsed="0.000000"/>
</kw>
<kw name="Get From List" owner="Collections">
<msg time="2025-03-03T20:54:56.971617" level="INFO">${invoiceStatus} = 2</msg>
<var>${invoiceStatus}</var>
<arg>${rivitiedot}</arg>
<arg>9</arg>
<doc>Returns the value specified with an ``index`` from ``list``.</doc>
<status status="PASS" start="2025-03-03T20:54:56.971617" elapsed="0.000000"/>
</kw>
<kw name="Insert Into Invoice Database">
<kw name="Set Variable" owner="BuiltIn">
<msg time="2025-03-03T20:54:56.973631" level="INFO">${query} = INSERT INTO invoiceheader (invoicenumber, companyname, companycode, referencenumber, invoicedate, duedate, bankaccountnumber, amountexclvat, vat, totalamount, invoicestatus_id) VALUES (143143, 'Servic...</msg>
<var>${query}</var>
<arg>INSERT INTO invoiceheader (invoicenumber, companyname, companycode, referencenumber, invoicedate, duedate, bankaccountnumber, amountexclvat, vat, totalamount, invoicestatus_id) VALUES (${invoiceNumber}, '${companyName}', '${companyCode}', '${referenceNumber}', STR_TO_DATE('${invoiceDate}', '%d.%m.%Y'), STR_TO_DATE('${dueDate}', '%d.%m.%Y'), '${bankAccountNumber}', ${amountExclVAT}, ${vatAmount}, ${totalAmount}, ${invoiceStatus})</arg>
<doc>Returns the given values which can then be assigned to a variables.</doc>
<status status="PASS" start="2025-03-03T20:54:56.972624" elapsed="0.001007"/>
</kw>
<kw name="Execute Sql String" owner="DatabaseLibrary">
<msg time="2025-03-03T20:54:56.973631" level="INFO" html="true">Executing sql:&lt;br&gt;&lt;code style="font-weight: bold;"&gt;INSERT INTO invoiceheader (invoicenumber, companyname, companycode, referencenumber, invoicedate, duedate, bankaccountnumber, amountexclvat, vat, totalamount, invoicestatus_id) VALUES (143143, 'Service Provider Oy', '1234567-8', '1431432', STR_TO_DATE('15.12.2022', '%d.%m.%Y'), STR_TO_DATE('07.04.2021', '%d.%m.%Y'), 'FI1234567890123456', 1350, 324, 1674, 2)&lt;/code&gt;</msg>
<msg time="2025-03-03T20:54:56.975137" level="INFO">Commit the transaction</msg>
<arg>${query}</arg>
<doc>Executes the ``sql_string`` as a single SQL command.</doc>
<status status="PASS" start="2025-03-03T20:54:56.973631" elapsed="0.010042"/>
</kw>
<arg>${invoiceNumber}</arg>
<arg>${companyName}</arg>
<arg>${companyCode}</arg>
<arg>${referenceNumber}</arg>
<arg>${invoiceDate}</arg>
<arg>${dueDate}</arg>
<arg>${bankAccountNumber}</arg>
<arg>${amountExclVAT}</arg>
<arg>${vatAmount}</arg>
<arg>${totalAmount}</arg>
<arg>${invoiceStatus}</arg>
<status status="PASS" start="2025-03-03T20:54:56.972624" elapsed="0.011049"/>
</kw>
<var name="${key}">143143</var>
<status status="PASS" start="2025-03-03T20:54:56.964009" elapsed="0.019664"/>
</iter>
<iter>
<kw name="Get From Dictionary" owner="Collections">
<msg time="2025-03-03T20:54:56.985181" level="INFO">${rivitiedot} = ['Component Oy', '15432359', '01.10.2022', '15.10.2022', '1234567-9', 'FI0512345600789101', '465', '111.6', '576.6', '0']</msg>
<var>${rivitiedot}</var>
<arg>${outputHeaderDict}</arg>
<arg>${key}</arg>
<doc>Returns a value from the given ``dictionary`` based on the given ``key``.</doc>
<status status="PASS" start="2025-03-03T20:54:56.983673" elapsed="0.001508"/>
</kw>
<kw name="Set Variable" owner="BuiltIn">
<msg time="2025-03-03T20:54:56.985703" level="INFO">${invoiceNumber} = 1543235</msg>
<var>${invoiceNumber}</var>
<arg>${key}</arg>
<doc>Returns the given values which can then be assigned to a variables.</doc>
<status status="PASS" start="2025-03-03T20:54:56.985703" elapsed="0.000000"/>
</kw>
<kw name="Get From List" owner="Collections">
<msg time="2025-03-03T20:54:56.985703" level="INFO">${companyName} = Component Oy</msg>
<var>${companyName}</var>
<arg>${rivitiedot}</arg>
<arg>0</arg>
<doc>Returns the value specified with an ``index`` from ``list``.</doc>
<status status="PASS" start="2025-03-03T20:54:56.985703" elapsed="0.001008"/>
</kw>
<kw name="Get From List" owner="Collections">
<msg time="2025-03-03T20:54:56.986711" level="INFO">${companyCode} = 1234567-9</msg>
<var>${companyCode}</var>
<arg>${rivitiedot}</arg>
<arg>4</arg>
<doc>Returns the value specified with an ``index`` from ``list``.</doc>
<status status="PASS" start="2025-03-03T20:54:56.986711" elapsed="0.000000"/>
</kw>
<kw name="Get From List" owner="Collections">
<msg time="2025-03-03T20:54:56.986711" level="INFO">${referenceNumber} = 15432359</msg>
<var>${referenceNumber}</var>
<arg>${rivitiedot}</arg>
<arg>1</arg>
<doc>Returns the value specified with an ``index`` from ``list``.</doc>
<status status="PASS" start="2025-03-03T20:54:56.986711" elapsed="0.000000"/>
</kw>
<kw name="Get From List" owner="Collections">
<msg time="2025-03-03T20:54:56.987713" level="INFO">${invoiceDate} = 01.10.2022</msg>
<var>${invoiceDate}</var>
<arg>${rivitiedot}</arg>
<arg>2</arg>
<doc>Returns the value specified with an ``index`` from ``list``.</doc>
<status status="PASS" start="2025-03-03T20:54:56.986711" elapsed="0.001002"/>
</kw>
<kw name="Get From List" owner="Collections">
<msg time="2025-03-03T20:54:56.987713" level="INFO">${dueDate} = 15.10.2022</msg>
<var>${dueDate}</var>
<arg>${rivitiedot}</arg>
<arg>3</arg>
<doc>Returns the value specified with an ``index`` from ``list``.</doc>
<status status="PASS" start="2025-03-03T20:54:56.987713" elapsed="0.000000"/>
</kw>
<kw name="Get From List" owner="Collections">
<msg time="2025-03-03T20:54:56.988224" level="INFO">${bankAccountNumber} = FI0512345600789101</msg>
<var>${bankAccountNumber}</var>
<arg>${rivitiedot}</arg>
<arg>5</arg>
<doc>Returns the value specified with an ``index`` from ``list``.</doc>
<status status="PASS" start="2025-03-03T20:54:56.988224" elapsed="0.000000"/>
</kw>
<kw name="Get From List" owner="Collections">
<msg time="2025-03-03T20:54:56.988224" level="INFO">${amountExclVAT} = 465</msg>
<var>${amountExclVAT}</var>
<arg>${rivitiedot}</arg>
<arg>6</arg>
<doc>Returns the value specified with an ``index`` from ``list``.</doc>
<status status="PASS" start="2025-03-03T20:54:56.988224" elapsed="0.000000"/>
</kw>
<kw name="Get From List" owner="Collections">
<msg time="2025-03-03T20:54:56.988224" level="INFO">${vatAmount} = 111.6</msg>
<var>${vatAmount}</var>
<arg>${rivitiedot}</arg>
<arg>7</arg>
<doc>Returns the value specified with an ``index`` from ``list``.</doc>
<status status="PASS" start="2025-03-03T20:54:56.988224" elapsed="0.000000"/>
</kw>
<kw name="Get From List" owner="Collections">
<msg time="2025-03-03T20:54:56.989228" level="INFO">${totalAmount} = 576.6</msg>
<var>${totalAmount}</var>
<arg>${rivitiedot}</arg>
<arg>8</arg>
<doc>Returns the value specified with an ``index`` from ``list``.</doc>
<status status="PASS" start="2025-03-03T20:54:56.988224" elapsed="0.001004"/>
</kw>
<kw name="Get From List" owner="Collections">
<msg time="2025-03-03T20:54:56.989228" level="INFO">${invoiceStatus} = 0</msg>
<var>${invoiceStatus}</var>
<arg>${rivitiedot}</arg>
<arg>9</arg>
<doc>Returns the value specified with an ``index`` from ``list``.</doc>
<status status="PASS" start="2025-03-03T20:54:56.989228" elapsed="0.000000"/>
</kw>
<kw name="Insert Into Invoice Database">
<kw name="Set Variable" owner="BuiltIn">
<msg time="2025-03-03T20:54:56.990228" level="INFO">${query} = INSERT INTO invoiceheader (invoicenumber, companyname, companycode, referencenumber, invoicedate, duedate, bankaccountnumber, amountexclvat, vat, totalamount, invoicestatus_id) VALUES (1543235, 'Compo...</msg>
<var>${query}</var>
<arg>INSERT INTO invoiceheader (invoicenumber, companyname, companycode, referencenumber, invoicedate, duedate, bankaccountnumber, amountexclvat, vat, totalamount, invoicestatus_id) VALUES (${invoiceNumber}, '${companyName}', '${companyCode}', '${referenceNumber}', STR_TO_DATE('${invoiceDate}', '%d.%m.%Y'), STR_TO_DATE('${dueDate}', '%d.%m.%Y'), '${bankAccountNumber}', ${amountExclVAT}, ${vatAmount}, ${totalAmount}, ${invoiceStatus})</arg>
<doc>Returns the given values which can then be assigned to a variables.</doc>
<status status="PASS" start="2025-03-03T20:54:56.990228" elapsed="0.000000"/>
</kw>
<kw name="Execute Sql String" owner="DatabaseLibrary">
<msg time="2025-03-03T20:54:56.990228" level="INFO" html="true">Executing sql:&lt;br&gt;&lt;code style="font-weight: bold;"&gt;INSERT INTO invoiceheader (invoicenumber, companyname, companycode, referencenumber, invoicedate, duedate, bankaccountnumber, amountexclvat, vat, totalamount, invoicestatus_id) VALUES (1543235, 'Component Oy', '1234567-9', '15432359', STR_TO_DATE('01.10.2022', '%d.%m.%Y'), STR_TO_DATE('15.10.2022', '%d.%m.%Y'), 'FI0512345600789101', 465, 111.6, 576.6, 0)&lt;/code&gt;</msg>
<msg time="2025-03-03T20:54:56.991733" level="INFO">Commit the transaction</msg>
<arg>${query}</arg>
<doc>Executes the ``sql_string`` as a single SQL command.</doc>
<status status="PASS" start="2025-03-03T20:54:56.990228" elapsed="0.003545"/>
</kw>
<arg>${invoiceNumber}</arg>
<arg>${companyName}</arg>
<arg>${companyCode}</arg>
<arg>${referenceNumber}</arg>
<arg>${invoiceDate}</arg>
<arg>${dueDate}</arg>
<arg>${bankAccountNumber}</arg>
<arg>${amountExclVAT}</arg>
<arg>${vatAmount}</arg>
<arg>${totalAmount}</arg>
<arg>${invoiceStatus}</arg>
<status status="PASS" start="2025-03-03T20:54:56.989228" elapsed="0.004545"/>
</kw>
<var name="${key}">1543235</var>
<status status="PASS" start="2025-03-03T20:54:56.983673" elapsed="0.010100"/>
</iter>
<iter>
<kw name="Get From Dictionary" owner="Collections">
<msg time="2025-03-03T20:54:56.993773" level="INFO">${rivitiedot} = ['Service Provider Oy', '1531439', '15.12.2022', '01.04.2021', '1234567-8', 'FI1234567890123456', '2700', '648', '3348', '2']</msg>
<var>${rivitiedot}</var>
<arg>${outputHeaderDict}</arg>
<arg>${key}</arg>
<doc>Returns a value from the given ``dictionary`` based on the given ``key``.</doc>
<status status="PASS" start="2025-03-03T20:54:56.993773" elapsed="0.000000"/>
</kw>
<kw name="Set Variable" owner="BuiltIn">
<msg time="2025-03-03T20:54:56.995278" level="INFO">${invoiceNumber} = 153143</msg>
<var>${invoiceNumber}</var>
<arg>${key}</arg>
<doc>Returns the given values which can then be assigned to a variables.</doc>
<status status="PASS" start="2025-03-03T20:54:56.993773" elapsed="0.001505"/>
</kw>
<kw name="Get From List" owner="Collections">
<msg time="2025-03-03T20:54:56.995278" level="INFO">${companyName} = Service Provider Oy</msg>
<var>${companyName}</var>
<arg>${rivitiedot}</arg>
<arg>0</arg>
<doc>Returns the value specified with an ``index`` from ``list``.</doc>
<status status="PASS" start="2025-03-03T20:54:56.995278" elapsed="0.000516"/>
</kw>
<kw name="Get From List" owner="Collections">
<msg time="2025-03-03T20:54:56.995794" level="INFO">${companyCode} = 1234567-8</msg>
<var>${companyCode}</var>
<arg>${rivitiedot}</arg>
<arg>4</arg>
<doc>Returns the value specified with an ``index`` from ``list``.</doc>
<status status="PASS" start="2025-03-03T20:54:56.995794" elapsed="0.000000"/>
</kw>
<kw name="Get From List" owner="Collections">
<msg time="2025-03-03T20:54:56.995794" level="INFO">${referenceNumber} = 1531439</msg>
<var>${referenceNumber}</var>
<arg>${rivitiedot}</arg>
<arg>1</arg>
<doc>Returns the value specified with an ``index`` from ``list``.</doc>
<status status="PASS" start="2025-03-03T20:54:56.995794" elapsed="0.000000"/>
</kw>
<kw name="Get From List" owner="Collections">
<msg time="2025-03-03T20:54:56.996584" level="INFO">${invoiceDate} = 15.12.2022</msg>
<var>${invoiceDate}</var>
<arg>${rivitiedot}</arg>
<arg>2</arg>
<doc>Returns the value specified with an ``index`` from ``list``.</doc>
<status status="PASS" start="2025-03-03T20:54:56.996584" elapsed="0.000000"/>
</kw>
<kw name="Get From List" owner="Collections">
<msg time="2025-03-03T20:54:56.996584" level="INFO">${dueDate} = 01.04.2021</msg>
<var>${dueDate}</var>
<arg>${rivitiedot}</arg>
<arg>3</arg>
<doc>Returns the value specified with an ``index`` from ``list``.</doc>
<status status="PASS" start="2025-03-03T20:54:56.996584" elapsed="0.000000"/>
</kw>
<kw name="Get From List" owner="Collections">
<msg time="2025-03-03T20:54:56.997589" level="INFO">${bankAccountNumber} = FI1234567890123456</msg>
<var>${bankAccountNumber}</var>
<arg>${rivitiedot}</arg>
<arg>5</arg>
<doc>Returns the value specified with an ``index`` from ``list``.</doc>
<status status="PASS" start="2025-03-03T20:54:56.996584" elapsed="0.001005"/>
</kw>
<kw name="Get From List" owner="Collections">
<msg time="2025-03-03T20:54:56.997589" level="INFO">${amountExclVAT} = 2700</msg>
<var>${amountExclVAT}</var>
<arg>${rivitiedot}</arg>
<arg>6</arg>
<doc>Returns the value specified with an ``index`` from ``list``.</doc>
<status status="PASS" start="2025-03-03T20:54:56.997589" elapsed="0.000000"/>
</kw>
<kw name="Get From List" owner="Collections">
<msg time="2025-03-03T20:54:56.997589" level="INFO">${vatAmount} = 648</msg>
<var>${vatAmount}</var>
<arg>${rivitiedot}</arg>
<arg>7</arg>
<doc>Returns the value specified with an ``index`` from ``list``.</doc>
<status status="PASS" start="2025-03-03T20:54:56.997589" elapsed="0.000000"/>
</kw>
<kw name="Get From List" owner="Collections">
<msg time="2025-03-03T20:54:56.997589" level="INFO">${totalAmount} = 3348</msg>
<var>${totalAmount}</var>
<arg>${rivitiedot}</arg>
<arg>8</arg>
<doc>Returns the value specified with an ``index`` from ``list``.</doc>
<status status="PASS" start="2025-03-03T20:54:56.997589" elapsed="0.000000"/>
</kw>
<kw name="Get From List" owner="Collections">
<msg time="2025-03-03T20:54:56.998911" level="INFO">${invoiceStatus} = 2</msg>
<var>${invoiceStatus}</var>
<arg>${rivitiedot}</arg>
<arg>9</arg>
<doc>Returns the value specified with an ``index`` from ``list``.</doc>
<status status="PASS" start="2025-03-03T20:54:56.997589" elapsed="0.001322"/>
</kw>
<kw name="Insert Into Invoice Database">
<kw name="Set Variable" owner="BuiltIn">
<msg time="2025-03-03T20:54:57.000326" level="INFO">${query} = INSERT INTO invoiceheader (invoicenumber, companyname, companycode, referencenumber, invoicedate, duedate, bankaccountnumber, amountexclvat, vat, totalamount, invoicestatus_id) VALUES (153143, 'Servic...</msg>
<var>${query}</var>
<arg>INSERT INTO invoiceheader (invoicenumber, companyname, companycode, referencenumber, invoicedate, duedate, bankaccountnumber, amountexclvat, vat, totalamount, invoicestatus_id) VALUES (${invoiceNumber}, '${companyName}', '${companyCode}', '${referenceNumber}', STR_TO_DATE('${invoiceDate}', '%d.%m.%Y'), STR_TO_DATE('${dueDate}', '%d.%m.%Y'), '${bankAccountNumber}', ${amountExclVAT}, ${vatAmount}, ${totalAmount}, ${invoiceStatus})</arg>
<doc>Returns the given values which can then be assigned to a variables.</doc>
<status status="PASS" start="2025-03-03T20:54:56.998911" elapsed="0.001415"/>
</kw>
<kw name="Execute Sql String" owner="DatabaseLibrary">
<msg time="2025-03-03T20:54:57.000326" level="INFO" html="true">Executing sql:&lt;br&gt;&lt;code style="font-weight: bold;"&gt;INSERT INTO invoiceheader (invoicenumber, companyname, companycode, referencenumber, invoicedate, duedate, bankaccountnumber, amountexclvat, vat, totalamount, invoicestatus_id) VALUES (153143, 'Service Provider Oy', '1234567-8', '1531439', STR_TO_DATE('15.12.2022', '%d.%m.%Y'), STR_TO_DATE('01.04.2021', '%d.%m.%Y'), 'FI1234567890123456', 2700, 648, 3348, 2)&lt;/code&gt;</msg>
<msg time="2025-03-03T20:54:57.000326" level="INFO">Commit the transaction</msg>
<arg>${query}</arg>
<doc>Executes the ``sql_string`` as a single SQL command.</doc>
<status status="PASS" start="2025-03-03T20:54:57.000326" elapsed="0.002512"/>
</kw>
<arg>${invoiceNumber}</arg>
<arg>${companyName}</arg>
<arg>${companyCode}</arg>
<arg>${referenceNumber}</arg>
<arg>${invoiceDate}</arg>
<arg>${dueDate}</arg>
<arg>${bankAccountNumber}</arg>
<arg>${amountExclVAT}</arg>
<arg>${vatAmount}</arg>
<arg>${totalAmount}</arg>
<arg>${invoiceStatus}</arg>
<status status="PASS" start="2025-03-03T20:54:56.998911" elapsed="0.003927"/>
</kw>
<var name="${key}">153143</var>
<status status="PASS" start="2025-03-03T20:54:56.993773" elapsed="0.009065"/>
</iter>
<var>${key}</var>
<value>@{outputHeaderDict.keys()}</value>
<status status="PASS" start="2025-03-03T20:54:56.962856" elapsed="0.039982"/>
</for>
<kw name="Disconnect From Database" owner="DatabaseLibrary">
<doc>Disconnects from the database.</doc>
<status status="PASS" start="2025-03-03T20:54:57.003853" elapsed="0.000000"/>
</kw>
<status status="PASS" start="2025-03-03T20:54:56.879734" elapsed="0.124119"/>
</test>
<status status="PASS" start="2025-03-03T20:54:56.237022" elapsed="0.768336"/>
</suite>
<statistics>
<total>
<stat pass="8" fail="0" skip="0">All Tasks</stat>
</total>
<tag>
</tag>
<suite>
<stat pass="8" fail="0" skip="0" id="s1" name="Rpa Projekti">Rpa Projekti</stat>
</suite>
</statistics>
<errors>
<msg time="2025-03-03T20:54:56.288640" level="WARN">Imported library 'c:\VSCode\rpa-projekti\validate.py' contains no keywords.</msg>
</errors>
</robot>
